TN:
SF:/Users/user/Віка/Projects/socio-local-web/src/polyfills.ts
FNF:0
FNH:0
DA:22,1
DA:23,1
DA:24,1
DA:25,1
DA:26,1
DA:27,1
DA:28,1
DA:29,1
DA:30,1
DA:31,1
DA:32,1
DA:33,1
DA:34,1
DA:35,1
DA:41,1
DA:42,1
DA:56,1
LF:17
LH:17
BRF:0
BRH:0
end_of_record
TN:
SF:/Users/user/Віка/Projects/socio-local-web/src/test.ts
FN:20,(anonymous_0)
FNF:1
FNH:1
FNDA:1,(anonymous_0)
DA:3,1
DA:4,1
DA:5,1
DA:6,1
DA:7,1
DA:8,1
DA:9,1
DA:10,1
DA:20,1
DA:23,1
DA:28,1
DA:30,1
DA:32,1
LF:13
LH:13
BRF:0
BRH:0
end_of_record
TN:
SF:/Users/user/Віка/Projects/socio-local-web/src/app/auth/forgot-pass/forgot-pass.component.ts
FN:15,(anonymous_2)
FN:20,ForgotPassComponent
FN:27,(anonymous_4)
FN:32,(anonymous_5)
FN:42,(anonymous_6)
FN:48,(anonymous_7)
FN:50,(anonymous_8)
FNF:7
FNH:1
FNDA:1,(anonymous_2)
FNDA:0,ForgotPassComponent
FNDA:0,(anonymous_4)
FNDA:0,(anonymous_5)
FNDA:0,(anonymous_6)
FNDA:0,(anonymous_7)
FNDA:0,(anonymous_8)
DA:1,1
DA:2,1
DA:4,1
DA:5,1
DA:6,1
DA:7,1
DA:15,1
DA:21,0
DA:22,0
DA:23,0
DA:24,0
DA:27,1
DA:28,0
DA:32,1
DA:33,0
DA:42,1
DA:43,0
DA:48,1
DA:49,0
DA:50,0
DA:51,0
DA:54,0
DA:57,1
LF:23
LH:12
BRDA:49,0,0,0
BRDA:49,0,1,0
BRF:2
BRH:0
end_of_record
TN:
SF:/Users/user/Віка/Projects/socio-local-web/src/app/auth/login/login.component.ts
FN:17,(anonymous_2)
FN:21,LoginComponent
FN:29,(anonymous_4)
FN:34,(anonymous_5)
FN:38,(anonymous_6)
FN:48,(anonymous_7)
FN:62,(anonymous_8)
FN:65,(anonymous_9)
FN:68,(anonymous_10)
FNF:9
FNH:1
FNDA:1,(anonymous_2)
FNDA:0,LoginComponent
FNDA:0,(anonymous_4)
FNDA:0,(anonymous_5)
FNDA:0,(anonymous_6)
FNDA:0,(anonymous_7)
FNDA:0,(anonymous_8)
FNDA:0,(anonymous_9)
FNDA:0,(anonymous_10)
DA:1,1
DA:2,1
DA:3,1
DA:5,1
DA:6,1
DA:7,1
DA:8,1
DA:17,1
DA:22,0
DA:23,0
DA:24,0
DA:25,0
DA:26,0
DA:29,1
DA:30,0
DA:34,1
DA:35,0
DA:38,1
DA:39,0
DA:48,1
DA:49,0
DA:62,1
DA:63,0
DA:64,0
DA:66,0
DA:67,0
DA:68,0
DA:70,0
DA:73,1
LF:29
LH:14
BRDA:63,0,0,0
BRDA:63,0,1,0
BRF:2
BRH:0
end_of_record
TN:
SF:/Users/user/Віка/Projects/socio-local-web/src/app/auth/reset-pass/reset-pass.component.ts
FN:16,(anonymous_2)
FN:24,ResetPassComponent
FN:33,(anonymous_4)
FN:39,(anonymous_5)
FN:43,(anonymous_6)
FN:53,(anonymous_7)
FN:67,(anonymous_8)
FN:68,(anonymous_9)
FN:85,(anonymous_10)
FN:88,(anonymous_11)
FN:91,(anonymous_12)
FN:96,(anonymous_13)
FNF:12
FNH:1
FNDA:1,(anonymous_2)
FNDA:0,ResetPassComponent
FNDA:0,(anonymous_4)
FNDA:0,(anonymous_5)
FNDA:0,(anonymous_6)
FNDA:0,(anonymous_7)
FNDA:0,(anonymous_8)
FNDA:0,(anonymous_9)
FNDA:0,(anonymous_10)
FNDA:0,(anonymous_11)
FNDA:0,(anonymous_12)
FNDA:0,(anonymous_13)
DA:1,1
DA:2,1
DA:3,1
DA:4,1
DA:7,1
DA:8,1
DA:9,1
DA:16,1
DA:25,0
DA:26,0
DA:27,0
DA:28,0
DA:29,0
DA:30,0
DA:33,1
DA:34,0
DA:35,0
DA:39,1
DA:40,0
DA:43,1
DA:44,0
DA:53,1
DA:54,0
DA:67,1
DA:68,0
DA:69,0
DA:70,0
DA:71,0
DA:72,0
DA:74,0
DA:85,1
DA:86,0
DA:87,0
DA:89,0
DA:90,0
DA:91,0
DA:93,0
DA:96,1
DA:97,0
DA:101,1
LF:40
LH:16
BRDA:70,0,0,0
BRDA:70,0,1,0
BRDA:70,1,0,0
BRDA:70,1,1,0
BRDA:86,2,0,0
BRDA:86,2,1,0
BRDA:98,3,0,0
BRDA:98,3,1,0
BRF:8
BRH:0
end_of_record
TN:
SF:/Users/user/Віка/Projects/socio-local-web/src/app/core/constants.ts
FNF:0
FNH:0
DA:1,1
DA:3,1
LF:2
LH:2
BRF:0
BRH:0
end_of_record
TN:
SF:/Users/user/Віка/Projects/socio-local-web/src/app/core/services/auth/auth.service.ts
FN:18,(anonymous_2)
FN:19,AuthService
FN:37,(anonymous_4)
FN:39,(anonymous_5)
FN:51,(anonymous_6)
FN:59,(anonymous_7)
FN:63,(anonymous_8)
FN:67,(anonymous_9)
FN:74,(anonymous_10)
FN:78,(anonymous_11)
FN:92,(anonymous_12)
FN:97,(anonymous_13)
FN:107,(anonymous_14)
FN:120,(anonymous_15)
FN:132,(anonymous_16)
FN:136,(anonymous_17)
FN:138,(anonymous_18)
FN:141,(anonymous_19)
FN:147,(anonymous_20)
FN:153,(anonymous_21)
FN:156,(anonymous_22)
FN:161,(anonymous_23)
FN:165,(anonymous_24)
FNF:23
FNH:1
FNDA:1,(anonymous_2)
FNDA:0,AuthService
FNDA:0,(anonymous_4)
FNDA:0,(anonymous_5)
FNDA:0,(anonymous_6)
FNDA:0,(anonymous_7)
FNDA:0,(anonymous_8)
FNDA:0,(anonymous_9)
FNDA:0,(anonymous_10)
FNDA:0,(anonymous_11)
FNDA:0,(anonymous_12)
FNDA:0,(anonymous_13)
FNDA:0,(anonymous_14)
FNDA:0,(anonymous_15)
FNDA:0,(anonymous_16)
FNDA:0,(anonymous_17)
FNDA:0,(anonymous_18)
FNDA:0,(anonymous_19)
FNDA:0,(anonymous_20)
FNDA:0,(anonymous_21)
FNDA:0,(anonymous_22)
FNDA:0,(anonymous_23)
FNDA:0,(anonymous_24)
DA:1,1
DA:2,1
DA:3,1
DA:4,1
DA:5,1
DA:8,1
DA:12,1
DA:13,1
DA:14,1
DA:18,1
DA:20,0
DA:21,0
DA:22,0
DA:23,0
DA:24,0
DA:37,1
DA:38,0
DA:40,0
DA:41,0
DA:51,1
DA:52,0
DA:53,0
DA:54,0
DA:55,0
DA:56,0
DA:59,1
DA:60,0
DA:63,1
DA:64,0
DA:68,0
DA:69,0
DA:74,1
DA:75,0
DA:79,0
DA:80,0
DA:92,1
DA:93,0
DA:94,0
DA:97,1
DA:98,0
DA:107,1
DA:108,0
DA:109,0
DA:120,1
DA:121,0
DA:122,0
DA:132,1
DA:133,0
DA:136,1
DA:137,0
DA:139,0
DA:142,0
DA:143,0
DA:147,1
DA:148,0
DA:149,0
DA:150,0
DA:152,0
DA:154,0
DA:157,0
DA:161,1
DA:162,0
DA:165,1
DA:166,0
DA:168,1
LF:65
LH:25
BRDA:68,0,0,0
BRDA:68,0,1,0
BRDA:79,1,0,0
BRDA:79,1,1,0
BRDA:148,2,0,0
BRDA:148,2,1,0
BRF:6
BRH:0
end_of_record
TN:
SF:/Users/user/Віка/Projects/socio-local-web/src/app/core/services/calendar/calendar.service.ts
FN:10,(anonymous_2)
FN:12,CalendarService
FN:16,(anonymous_4)
FN:17,(anonymous_5)
FN:20,(anonymous_6)
FN:25,(anonymous_7)
FN:30,(anonymous_8)
FN:35,(anonymous_9)
FN:40,(anonymous_10)
FN:45,(anonymous_11)
FNF:10
FNH:1
FNDA:1,(anonymous_2)
FNDA:0,CalendarService
FNDA:0,(anonymous_4)
FNDA:0,(anonymous_5)
FNDA:0,(anonymous_6)
FNDA:0,(anonymous_7)
FNDA:0,(anonymous_8)
FNDA:0,(anonymous_9)
FNDA:0,(anonymous_10)
FNDA:0,(anonymous_11)
DA:1,1
DA:2,1
DA:3,1
DA:4,1
DA:5,1
DA:10,1
DA:12,0
DA:14,0
DA:16,1
DA:17,0
DA:20,1
DA:21,0
DA:25,1
DA:26,0
DA:30,1
DA:31,0
DA:32,0
DA:35,1
DA:36,0
DA:37,0
DA:40,1
DA:41,0
DA:45,1
DA:46,0
DA:49,1
LF:25
LH:14
BRDA:16,0,0,0
BRDA:16,0,1,0
BRF:2
BRH:0
end_of_record
TN:
SF:/Users/user/Віка/Projects/socio-local-web/src/app/core/services/chat/chat.service.ts
FN:12,(anonymous_3)
FN:19,ChatService
FN:27,(anonymous_5)
FN:28,(anonymous_6)
FN:29,(anonymous_7)
FN:31,(anonymous_8)
FN:32,(anonymous_9)
FN:33,(anonymous_10)
FN:39,(anonymous_11)
FN:48,(anonymous_12)
FN:50,(anonymous_13)
FN:55,(anonymous_14)
FN:59,(anonymous_15)
FN:61,(anonymous_16)
FN:68,(anonymous_17)
FN:70,(anonymous_18)
FN:77,(anonymous_19)
FN:78,(anonymous_20)
FN:83,(anonymous_21)
FN:92,(anonymous_22)
FN:96,(anonymous_23)
FN:98,(anonymous_24)
FN:103,(anonymous_25)
FN:104,(anonymous_26)
FN:108,(anonymous_27)
FN:113,(anonymous_28)
FN:115,(anonymous_29)
FN:116,(anonymous_30)
FN:124,(anonymous_31)
FN:129,(anonymous_32)
FN:133,(anonymous_33)
FN:138,(anonymous_34)
FNF:32
FNH:1
FNDA:1,(anonymous_3)
FNDA:0,ChatService
FNDA:0,(anonymous_5)
FNDA:0,(anonymous_6)
FNDA:0,(anonymous_7)
FNDA:0,(anonymous_8)
FNDA:0,(anonymous_9)
FNDA:0,(anonymous_10)
FNDA:0,(anonymous_11)
FNDA:0,(anonymous_12)
FNDA:0,(anonymous_13)
FNDA:0,(anonymous_14)
FNDA:0,(anonymous_15)
FNDA:0,(anonymous_16)
FNDA:0,(anonymous_17)
FNDA:0,(anonymous_18)
FNDA:0,(anonymous_19)
FNDA:0,(anonymous_20)
FNDA:0,(anonymous_21)
FNDA:0,(anonymous_22)
FNDA:0,(anonymous_23)
FNDA:0,(anonymous_24)
FNDA:0,(anonymous_25)
FNDA:0,(anonymous_26)
FNDA:0,(anonymous_27)
FNDA:0,(anonymous_28)
FNDA:0,(anonymous_29)
FNDA:0,(anonymous_30)
FNDA:0,(anonymous_31)
FNDA:0,(anonymous_32)
FNDA:0,(anonymous_33)
FNDA:0,(anonymous_34)
DA:1,1
DA:2,1
DA:3,1
DA:4,1
DA:5,1
DA:6,1
DA:7,1
DA:8,1
DA:9,1
DA:12,1
DA:15,0
DA:16,0
DA:17,0
DA:19,0
DA:20,0
DA:21,0
DA:22,0
DA:23,0
DA:24,0
DA:26,0
DA:27,0
DA:28,0
DA:29,0
DA:30,0
DA:31,0
DA:33,0
DA:34,0
DA:35,0
DA:39,1
DA:40,0
DA:41,0
DA:42,0
DA:44,0
DA:45,0
DA:48,1
DA:49,0
DA:51,0
DA:55,1
DA:56,0
DA:59,1
DA:60,0
DA:62,0
DA:63,0
DA:68,1
DA:69,0
DA:71,0
DA:72,0
DA:73,0
DA:77,1
DA:78,0
DA:79,0
DA:83,1
DA:84,0
DA:85,0
DA:87,0
DA:92,1
DA:93,0
DA:96,1
DA:97,0
DA:99,0
DA:103,1
DA:104,0
DA:105,0
DA:108,1
DA:109,0
DA:110,0
DA:113,1
DA:114,0
DA:115,0
DA:116,0
DA:117,0
DA:118,0
DA:120,0
DA:121,0
DA:124,1
DA:125,0
DA:126,0
DA:127,0
DA:129,0
DA:130,0
DA:133,1
DA:134,0
DA:135,0
DA:136,0
DA:138,0
DA:139,0
DA:140,0
DA:142,0
DA:144,1
LF:89
LH:25
BRDA:34,0,0,0
BRDA:34,0,1,0
BRDA:40,1,0,0
BRDA:40,1,1,0
BRDA:62,2,0,0
BRDA:62,2,1,0
BRDA:84,3,0,0
BRDA:84,3,1,0
BRDA:103,4,0,0
BRDA:103,4,1,0
BRDA:105,5,0,0
BRDA:105,5,1,0
BRDA:109,6,0,0
BRDA:109,6,1,0
BRDA:117,7,0,0
BRDA:117,7,1,0
BRDA:126,8,0,0
BRDA:126,8,1,0
BRDA:126,9,0,0
BRDA:126,9,1,0
BRDA:135,10,0,0
BRDA:135,10,1,0
BRDA:139,11,0,0
BRDA:139,11,1,0
BRF:24
BRH:0
end_of_record
TN:
SF:/Users/user/Віка/Projects/socio-local-web/src/app/core/services/chat/message-types.ts
FNF:0
FNH:0
DA:1,1
LF:1
LH:1
BRF:0
BRH:0
end_of_record
TN:
SF:/Users/user/Віка/Projects/socio-local-web/src/app/core/services/chat/notifications.service.ts
FN:11,(anonymous_2)
FN:17,NotificationsService
FN:25,(anonymous_4)
FN:34,(anonymous_5)
FN:36,(anonymous_6)
FN:37,(anonymous_7)
FN:40,(anonymous_8)
FN:41,(anonymous_9)
FN:43,(anonymous_10)
FN:46,(anonymous_11)
FN:47,(anonymous_12)
FN:52,(anonymous_13)
FN:56,(anonymous_14)
FN:61,(anonymous_15)
FN:65,(anonymous_16)
FN:70,(anonymous_17)
FN:77,(anonymous_18)
FN:88,(anonymous_19)
FN:94,(anonymous_20)
FN:118,(anonymous_21)
FN:119,(anonymous_22)
FNF:21
FNH:1
FNDA:1,(anonymous_2)
FNDA:0,NotificationsService
FNDA:0,(anonymous_4)
FNDA:0,(anonymous_5)
FNDA:0,(anonymous_6)
FNDA:0,(anonymous_7)
FNDA:0,(anonymous_8)
FNDA:0,(anonymous_9)
FNDA:0,(anonymous_10)
FNDA:0,(anonymous_11)
FNDA:0,(anonymous_12)
FNDA:0,(anonymous_13)
FNDA:0,(anonymous_14)
FNDA:0,(anonymous_15)
FNDA:0,(anonymous_16)
FNDA:0,(anonymous_17)
FNDA:0,(anonymous_18)
FNDA:0,(anonymous_19)
FNDA:0,(anonymous_20)
FNDA:0,(anonymous_21)
FNDA:0,(anonymous_22)
DA:1,1
DA:2,1
DA:3,1
DA:4,1
DA:5,1
DA:6,1
DA:11,1
DA:12,0
DA:16,0
DA:18,0
DA:19,0
DA:20,0
DA:21,0
DA:25,1
DA:26,0
DA:27,0
DA:28,0
DA:30,0
DA:34,1
DA:35,0
DA:36,0
DA:38,0
DA:39,0
DA:40,0
DA:42,0
DA:43,0
DA:44,0
DA:46,0
DA:52,1
DA:53,0
DA:56,1
DA:57,0
DA:58,0
DA:61,1
DA:62,0
DA:63,0
DA:64,0
DA:65,0
DA:66,0
DA:67,0
DA:68,0
DA:69,0
DA:70,0
DA:71,0
DA:77,1
DA:78,0
DA:79,0
DA:80,0
DA:82,0
DA:83,0
DA:84,0
DA:88,1
DA:89,0
DA:90,0
DA:94,1
DA:95,0
DA:96,0
DA:99,0
DA:100,0
DA:102,0
DA:103,0
DA:105,0
DA:106,0
DA:108,0
DA:109,0
DA:112,0
DA:113,0
DA:115,0
DA:118,1
DA:119,0
DA:121,1
LF:71
LH:17
BRDA:26,0,0,0
BRDA:26,0,1,0
BRDA:46,1,0,0
BRDA:46,1,1,0
BRDA:63,2,0,0
BRDA:63,2,1,0
BRDA:63,3,0,0
BRDA:63,3,1,0
BRDA:78,4,0,0
BRDA:78,4,1,0
BRDA:80,5,0,0
BRDA:80,5,1,0
BRDA:83,6,0,0
BRDA:83,6,1,0
BRDA:89,7,0,0
BRDA:89,7,1,0
BRDA:97,8,0,0
BRDA:97,8,1,0
BRDA:97,8,2,0
BRDA:97,8,3,0
BRDA:97,8,4,0
BRDA:97,8,5,0
BRDA:97,8,6,0
BRF:23
BRH:0
end_of_record
TN:
SF:/Users/user/Віка/Projects/socio-local-web/src/app/core/services/permissions/permissions.constant.ts
FNF:0
FNH:0
DA:1,1
LF:1
LH:1
BRF:0
BRH:0
end_of_record
TN:
SF:/Users/user/Віка/Projects/socio-local-web/src/app/core/services/permissions/permissions.service.ts
FN:7,(anonymous_2)
FN:9,PermissionsService
FN:14,(anonymous_4)
FN:16,(anonymous_5)
FN:21,(anonymous_6)
FN:23,(anonymous_7)
FNF:6
FNH:2
FNDA:1,(anonymous_2)
FNDA:1,PermissionsService
FNDA:0,(anonymous_4)
FNDA:0,(anonymous_5)
FNDA:0,(anonymous_6)
FNDA:0,(anonymous_7)
DA:1,1
DA:2,1
DA:3,1
DA:4,1
DA:7,1
DA:10,1
DA:11,1
DA:14,1
DA:15,0
DA:17,0
DA:21,1
DA:22,0
DA:24,0
DA:27,1
LF:14
LH:10
BRF:0
BRH:0
end_of_record
TN:
SF:/Users/user/Віка/Projects/socio-local-web/src/app/core/services/system/system.service.ts
FN:7,(anonymous_2)
FN:9,SystemService
FN:14,(anonymous_4)
FN:16,(anonymous_5)
FNF:4
FNH:1
FNDA:1,(anonymous_2)
FNDA:0,SystemService
FNDA:0,(anonymous_4)
FNDA:0,(anonymous_5)
DA:1,1
DA:2,1
DA:3,1
DA:4,1
DA:7,1
DA:10,0
DA:11,0
DA:14,1
DA:15,0
DA:17,0
DA:18,0
DA:19,0
DA:22,1
LF:13
LH:7
BRF:0
BRH:0
end_of_record
TN:
SF:/Users/user/Віка/Projects/socio-local-web/src/app/core/services/tracking/tracking.service.ts
FN:6,(anonymous_2)
FN:7,TrackingSerivce
FN:12,(anonymous_4)
FN:15,(anonymous_5)
FN:18,(anonymous_6)
FN:21,(anonymous_7)
FN:24,(anonymous_8)
FN:27,(anonymous_9)
FN:30,(anonymous_10)
FN:33,(anonymous_11)
FN:36,(anonymous_12)
FN:39,(anonymous_13)
FN:42,(anonymous_14)
FN:45,(anonymous_15)
FN:48,(anonymous_16)
FN:51,(anonymous_17)
FN:54,(anonymous_18)
FN:60,(anonymous_19)
FN:63,(anonymous_20)
FN:66,(anonymous_21)
FN:69,(anonymous_22)
FN:72,(anonymous_23)
FN:75,(anonymous_24)
FN:83,(anonymous_25)
FN:86,(anonymous_26)
FN:89,(anonymous_27)
FN:92,(anonymous_28)
FN:95,(anonymous_29)
FN:98,(anonymous_30)
FN:101,(anonymous_31)
FN:111,(anonymous_32)
FN:115,(anonymous_33)
FN:119,(anonymous_34)
FN:123,(anonymous_35)
FN:126,(anonymous_36)
FN:130,(anonymous_37)
FN:136,(anonymous_38)
FN:153,(anonymous_39)
FNF:38
FNH:1
FNDA:1,(anonymous_2)
FNDA:0,TrackingSerivce
FNDA:0,(anonymous_4)
FNDA:0,(anonymous_5)
FNDA:0,(anonymous_6)
FNDA:0,(anonymous_7)
FNDA:0,(anonymous_8)
FNDA:0,(anonymous_9)
FNDA:0,(anonymous_10)
FNDA:0,(anonymous_11)
FNDA:0,(anonymous_12)
FNDA:0,(anonymous_13)
FNDA:0,(anonymous_14)
FNDA:0,(anonymous_15)
FNDA:0,(anonymous_16)
FNDA:0,(anonymous_17)
FNDA:0,(anonymous_18)
FNDA:0,(anonymous_19)
FNDA:0,(anonymous_20)
FNDA:0,(anonymous_21)
FNDA:0,(anonymous_22)
FNDA:0,(anonymous_23)
FNDA:0,(anonymous_24)
FNDA:0,(anonymous_25)
FNDA:0,(anonymous_26)
FNDA:0,(anonymous_27)
FNDA:0,(anonymous_28)
FNDA:0,(anonymous_29)
FNDA:0,(anonymous_30)
FNDA:0,(anonymous_31)
FNDA:0,(anonymous_32)
FNDA:0,(anonymous_33)
FNDA:0,(anonymous_34)
FNDA:0,(anonymous_35)
FNDA:0,(anonymous_36)
FNDA:0,(anonymous_37)
FNDA:0,(anonymous_38)
FNDA:0,(anonymous_39)
DA:1,1
DA:2,1
DA:6,1
DA:8,0
DA:9,0
DA:12,1
DA:13,0
DA:15,1
DA:16,0
DA:18,1
DA:19,0
DA:21,1
DA:22,0
DA:24,1
DA:25,0
DA:27,1
DA:28,0
DA:30,1
DA:31,0
DA:33,1
DA:34,0
DA:36,1
DA:37,0
DA:39,1
DA:40,0
DA:42,1
DA:43,0
DA:45,1
DA:46,0
DA:48,1
DA:49,0
DA:51,1
DA:52,0
DA:54,1
DA:55,0
DA:60,1
DA:61,0
DA:63,1
DA:64,0
DA:66,1
DA:67,0
DA:69,1
DA:70,0
DA:72,1
DA:73,0
DA:75,1
DA:76,0
DA:83,1
DA:84,0
DA:86,1
DA:87,0
DA:89,1
DA:90,0
DA:92,1
DA:93,0
DA:95,1
DA:96,0
DA:98,1
DA:99,0
DA:101,1
DA:102,0
DA:111,1
DA:112,0
DA:115,1
DA:116,0
DA:119,1
DA:120,0
DA:123,1
DA:124,0
DA:126,1
DA:127,0
DA:130,1
DA:131,0
DA:136,1
DA:137,0
DA:153,1
DA:154,0
DA:156,1
LF:78
LH:40
BRF:0
BRH:0
end_of_record
TN:
SF:/Users/user/Віка/Projects/socio-local-web/src/app/core/services/user/user.service.ts
FN:11,(anonymous_2)
FN:13,UserService
FN:21,(anonymous_4)
FN:23,(anonymous_5)
FN:34,(anonymous_6)
FN:38,(anonymous_7)
FN:40,(anonymous_8)
FN:45,(anonymous_9)
FN:47,(anonymous_10)
FN:52,(anonymous_11)
FN:56,(anonymous_12)
FN:58,(anonymous_13)
FNF:12
FNH:1
FNDA:1,(anonymous_2)
FNDA:0,UserService
FNDA:0,(anonymous_4)
FNDA:0,(anonymous_5)
FNDA:0,(anonymous_6)
FNDA:0,(anonymous_7)
FNDA:0,(anonymous_8)
FNDA:0,(anonymous_9)
FNDA:0,(anonymous_10)
FNDA:0,(anonymous_11)
FNDA:0,(anonymous_12)
FNDA:0,(anonymous_13)
DA:1,1
DA:2,1
DA:3,1
DA:5,1
DA:6,1
DA:7,1
DA:8,1
DA:11,1
DA:14,0
DA:15,0
DA:16,0
DA:17,0
DA:21,1
DA:22,0
DA:24,0
DA:25,0
DA:26,0
DA:27,0
DA:29,0
DA:34,1
DA:35,0
DA:38,1
DA:39,0
DA:41,0
DA:45,1
DA:46,0
DA:48,0
DA:52,1
DA:53,0
DA:56,1
DA:57,0
DA:59,0
DA:60,0
DA:64,1
LF:34
LH:15
BRDA:24,0,0,0
BRDA:24,0,1,0
BRDA:59,1,0,0
BRDA:59,1,1,0
BRF:4
BRH:0
end_of_record
TN:
SF:/Users/user/Віка/Projects/socio-local-web/src/app/core/services/utils/utils.service.ts
FN:4,(anonymous_2)
FN:13,UtilsService
FN:15,(anonymous_4)
FN:20,(anonymous_5)
FN:24,(anonymous_6)
FN:30,(anonymous_7)
FNF:6
FNH:1
FNDA:1,(anonymous_2)
FNDA:0,UtilsService
FNDA:0,(anonymous_4)
FNDA:0,(anonymous_5)
FNDA:0,(anonymous_6)
FNDA:0,(anonymous_7)
DA:1,1
DA:4,1
DA:5,0
DA:6,0
DA:9,0
DA:15,1
DA:16,0
DA:17,0
DA:20,1
DA:21,0
DA:24,1
DA:25,0
DA:26,0
DA:27,0
DA:30,1
DA:31,0
DA:33,1
LF:17
LH:7
BRF:0
BRH:0
end_of_record
TN:
SF:/Users/user/Віка/Projects/socio-local-web/src/app/core/services/validation/validation.service.ts
FN:31,(anonymous_2)
FN:33,ValidationService
FN:35,(anonymous_4)
FNF:3
FNH:2
FNDA:1,(anonymous_2)
FNDA:2,ValidationService
FNDA:0,(anonymous_4)
DA:1,1
DA:2,1
DA:5,1
DA:31,1
DA:35,1
DA:36,0
DA:40,1
LF:7
LH:6
BRF:0
BRH:0
end_of_record
TN:
SF:/Users/user/Віка/Projects/socio-local-web/src/app/core/services/venue/venue.service.ts
FN:10,(anonymous_2)
FN:12,VenueService
FN:18,(anonymous_4)
FN:20,(anonymous_5)
FN:21,(anonymous_6)
FN:27,(anonymous_7)
FN:29,(anonymous_8)
FN:30,(anonymous_9)
FN:40,(anonymous_10)
FN:44,(anonymous_11)
FN:49,(anonymous_12)
FN:55,(anonymous_13)
FN:59,(anonymous_14)
FN:60,(anonymous_15)
FN:68,(anonymous_16)
FN:69,(anonymous_17)
FN:71,(anonymous_18)
FN:74,(anonymous_19)
FN:79,(anonymous_20)
FN:85,(anonymous_21)
FN:90,(anonymous_22)
FN:98,(anonymous_23)
FN:103,(anonymous_24)
FN:104,(anonymous_25)
FN:109,(anonymous_26)
FN:113,(anonymous_27)
FNF:26
FNH:2
FNDA:1,(anonymous_2)
FNDA:1,VenueService
FNDA:0,(anonymous_4)
FNDA:0,(anonymous_5)
FNDA:0,(anonymous_6)
FNDA:0,(anonymous_7)
FNDA:0,(anonymous_8)
FNDA:0,(anonymous_9)
FNDA:0,(anonymous_10)
FNDA:0,(anonymous_11)
FNDA:0,(anonymous_12)
FNDA:0,(anonymous_13)
FNDA:0,(anonymous_14)
FNDA:0,(anonymous_15)
FNDA:0,(anonymous_16)
FNDA:0,(anonymous_17)
FNDA:0,(anonymous_18)
FNDA:0,(anonymous_19)
FNDA:0,(anonymous_20)
FNDA:0,(anonymous_21)
FNDA:0,(anonymous_22)
FNDA:0,(anonymous_23)
FNDA:0,(anonymous_24)
FNDA:0,(anonymous_25)
FNDA:0,(anonymous_26)
FNDA:0,(anonymous_27)
DA:1,1
DA:2,1
DA:3,1
DA:5,1
DA:6,1
DA:7,1
DA:10,1
DA:13,1
DA:14,1
DA:15,1
DA:18,1
DA:19,0
DA:20,0
DA:22,0
DA:23,0
DA:27,1
DA:28,0
DA:29,0
DA:31,0
DA:32,0
DA:34,0
DA:36,0
DA:40,1
DA:41,0
DA:44,1
DA:45,0
DA:49,1
DA:50,0
DA:56,0
DA:59,0
DA:61,0
DA:62,0
DA:68,1
DA:69,0
DA:70,0
DA:71,0
DA:74,1
DA:75,0
DA:76,0
DA:79,1
DA:80,0
DA:82,0
DA:85,1
DA:86,0
DA:87,0
DA:90,1
DA:91,0
DA:92,0
DA:94,0
DA:98,1
DA:99,0
DA:100,0
DA:103,1
DA:104,0
DA:105,0
DA:109,1
DA:110,0
DA:113,1
DA:114,0
DA:116,1
LF:60
LH:25
BRDA:31,0,0,0
BRDA:31,0,1,0
BRDA:61,1,0,0
BRDA:61,1,1,0
BRDA:69,2,0,0
BRDA:69,2,1,0
BRDA:91,3,0,0
BRDA:91,3,1,0
BRF:8
BRH:0
end_of_record
TN:
SF:/Users/user/Віка/Projects/socio-local-web/src/app/core/store/store.ts
FN:7,(anonymous_1)
FN:20,(anonymous_3)
FN:49,(anonymous_4)
FN:62,(anonymous_5)
FN:75,(anonymous_6)
FN:79,(anonymous_7)
FNF:6
FNH:2
FNDA:9,(anonymous_1)
FNDA:8,(anonymous_3)
FNDA:0,(anonymous_4)
FNDA:0,(anonymous_5)
FNDA:0,(anonymous_6)
FNDA:0,(anonymous_7)
DA:1,1
DA:3,1
DA:7,1
DA:8,8
DA:10,8
DA:11,8
DA:20,1
DA:21,8
DA:23,8
DA:24,0
DA:25,0
DA:27,0
DA:28,0
DA:31,8
DA:34,8
DA:49,1
DA:50,0
DA:62,1
DA:63,0
DA:75,1
DA:76,0
DA:79,1
DA:80,0
DA:81,0
DA:83,1
LF:25
LH:16
BRDA:23,0,0,0
BRDA:23,0,1,8
BRDA:23,1,0,8
BRDA:23,1,1,0
BRF:4
BRH:2
end_of_record
TN:
SF:/Users/user/Віка/Projects/socio-local-web/src/app/core/testing/mocks/details-mocks.ts
FNF:0
FNH:0
DA:4,1
DA:27,1
LF:2
LH:2
BRF:0
BRH:0
end_of_record
TN:
SF:/Users/user/Віка/Projects/socio-local-web/src/app/core/testing/stubs/service-stubs.ts
FN:8,(anonymous_0)
FN:11,(anonymous_1)
FN:17,(anonymous_2)
FN:18,(anonymous_3)
FN:24,(anonymous_4)
FNF:5
FNH:0
FNDA:0,(anonymous_0)
FNDA:0,(anonymous_1)
FNDA:0,(anonymous_2)
FNDA:0,(anonymous_3)
FNDA:0,(anonymous_4)
DA:1,1
DA:2,1
DA:3,1
DA:4,1
DA:5,1
DA:7,1
DA:9,0
DA:12,0
DA:16,1
DA:21,1
DA:23,1
DA:27,1
DA:29,1
LF:13
LH:11
BRF:0
BRH:0
end_of_record
TN:
SF:/Users/user/Віка/Projects/socio-local-web/src/app/dashboard/dashboard.component.ts
FN:17,(anonymous_2)
FN:24,DashboardComponent
FN:35,(anonymous_4)
FN:38,(anonymous_5)
FN:49,(anonymous_6)
FN:51,(anonymous_7)
FN:55,(anonymous_8)
FN:59,(anonymous_9)
FN:64,(anonymous_10)
FN:65,(anonymous_11)
FN:71,(anonymous_12)
FN:81,(anonymous_13)
FN:88,(anonymous_14)
FN:92,(anonymous_15)
FNF:14
FNH:1
FNDA:1,(anonymous_2)
FNDA:0,DashboardComponent
FNDA:0,(anonymous_4)
FNDA:0,(anonymous_5)
FNDA:0,(anonymous_6)
FNDA:0,(anonymous_7)
FNDA:0,(anonymous_8)
FNDA:0,(anonymous_9)
FNDA:0,(anonymous_10)
FNDA:0,(anonymous_11)
FNDA:0,(anonymous_12)
FNDA:0,(anonymous_13)
FNDA:0,(anonymous_14)
FNDA:0,(anonymous_15)
DA:1,1
DA:2,1
DA:3,1
DA:4,1
DA:5,1
DA:6,1
DA:8,1
DA:9,1
DA:17,1
DA:21,0
DA:25,0
DA:26,0
DA:27,0
DA:28,0
DA:29,0
DA:30,0
DA:31,0
DA:32,0
DA:35,1
DA:36,0
DA:37,0
DA:39,0
DA:40,0
DA:42,0
DA:43,0
DA:49,1
DA:50,0
DA:51,0
DA:55,1
DA:56,0
DA:59,1
DA:60,0
DA:61,0
DA:62,0
DA:63,0
DA:64,0
DA:66,0
DA:67,0
DA:68,0
DA:69,0
DA:70,0
DA:71,0
DA:72,0
DA:73,0
DA:74,0
DA:75,0
DA:81,1
DA:82,0
DA:83,0
DA:84,0
DA:85,0
DA:88,1
DA:89,0
DA:92,1
DA:93,0
DA:94,0
DA:97,1
LF:57
LH:17
BRDA:40,0,0,0
BRDA:40,0,1,0
BRDA:42,1,0,0
BRDA:42,1,1,0
BRDA:50,2,0,0
BRDA:50,2,1,0
BRDA:66,3,0,0
BRDA:66,3,1,0
BRDA:66,4,0,0
BRDA:66,4,1,0
BRDA:72,5,0,0
BRDA:72,5,1,0
BRDA:72,6,0,0
BRDA:72,6,1,0
BRDA:93,7,0,0
BRDA:93,7,1,0
BRF:16
BRH:0
end_of_record
TN:
SF:/Users/user/Віка/Projects/socio-local-web/src/app/dashboard/details/details.component.ts
FN:21,(anonymous_2)
FN:27,DetailsComponent
FN:33,(anonymous_4)
FN:38,(anonymous_5)
FN:44,(anonymous_6)
FN:45,(anonymous_7)
FN:48,(anonymous_8)
FN:50,(anonymous_9)
FN:51,(anonymous_10)
FN:57,(anonymous_11)
FN:70,(anonymous_12)
FN:89,(anonymous_13)
FN:91,(anonymous_14)
FN:93,(anonymous_15)
FN:98,(anonymous_16)
FN:112,(anonymous_17)
FN:114,(anonymous_18)
FNF:17
FNH:1
FNDA:1,(anonymous_2)
FNDA:0,DetailsComponent
FNDA:0,(anonymous_4)
FNDA:0,(anonymous_5)
FNDA:0,(anonymous_6)
FNDA:0,(anonymous_7)
FNDA:0,(anonymous_8)
FNDA:0,(anonymous_9)
FNDA:0,(anonymous_10)
FNDA:0,(anonymous_11)
FNDA:0,(anonymous_12)
FNDA:0,(anonymous_13)
FNDA:0,(anonymous_14)
FNDA:0,(anonymous_15)
FNDA:0,(anonymous_16)
FNDA:0,(anonymous_17)
FNDA:0,(anonymous_18)
DA:1,1
DA:4,1
DA:5,1
DA:6,1
DA:7,1
DA:13,1
DA:21,1
DA:24,0
DA:28,0
DA:29,0
DA:30,0
DA:33,1
DA:34,0
DA:35,0
DA:36,0
DA:39,0
DA:44,1
DA:45,0
DA:48,1
DA:49,0
DA:50,0
DA:52,0
DA:57,1
DA:58,0
DA:70,1
DA:71,0
DA:72,0
DA:73,0
DA:74,0
DA:76,0
DA:77,0
DA:89,1
DA:90,0
DA:91,0
DA:93,0
DA:97,0
DA:98,0
DA:112,1
DA:113,0
DA:114,0
DA:116,0
DA:118,1
LF:42
LH:15
BRDA:58,0,0,0
BRDA:58,0,1,0
BRDA:73,1,0,0
BRDA:73,1,1,0
BRDA:92,2,0,0
BRDA:92,2,1,0
BRF:6
BRH:0
end_of_record
TN:
SF:/Users/user/Віка/Projects/socio-local-web/src/app/dashboard/details/demographic/demographic.component.ts
FN:10,(anonymous_2)
FN:18,DemographicComponent
FN:20,(anonymous_4)
FN:25,(anonymous_5)
FN:29,(anonymous_6)
FN:31,(anonymous_7)
FN:35,(anonymous_8)
FN:42,(anonymous_9)
FN:46,(anonymous_10)
FN:53,(anonymous_11)
FN:54,(anonymous_12)
FN:55,(anonymous_13)
FN:59,(anonymous_14)
FN:66,(anonymous_15)
FN:68,(anonymous_16)
FN:76,(anonymous_17)
FNF:16
FNH:1
FNDA:1,(anonymous_2)
FNDA:0,DemographicComponent
FNDA:0,(anonymous_4)
FNDA:0,(anonymous_5)
FNDA:0,(anonymous_6)
FNDA:0,(anonymous_7)
FNDA:0,(anonymous_8)
FNDA:0,(anonymous_9)
FNDA:0,(anonymous_10)
FNDA:0,(anonymous_11)
FNDA:0,(anonymous_12)
FNDA:0,(anonymous_13)
FNDA:0,(anonymous_14)
FNDA:0,(anonymous_15)
FNDA:0,(anonymous_16)
FNDA:0,(anonymous_17)
DA:1,1
DA:2,1
DA:10,1
DA:12,1
DA:13,1
DA:14,1
DA:16,0
DA:18,0
DA:20,1
DA:21,0
DA:22,0
DA:25,1
DA:26,0
DA:29,1
DA:30,0
DA:33,0
DA:34,0
DA:35,0
DA:36,0
DA:42,1
DA:43,0
DA:46,1
DA:47,0
DA:48,0
DA:49,0
DA:53,1
DA:54,0
DA:55,0
DA:59,1
DA:60,0
DA:61,0
DA:63,0
DA:66,1
DA:67,0
DA:68,0
DA:69,0
DA:70,0
DA:73,0
DA:76,1
DA:77,0
DA:80,1
LF:41
LH:16
BRDA:33,0,0,0
BRDA:33,0,1,0
BRDA:48,1,0,0
BRDA:48,1,1,0
BRDA:55,2,0,0
BRDA:55,2,1,0
BRDA:60,3,0,0
BRDA:60,3,1,0
BRDA:69,4,0,0
BRDA:69,4,1,0
BRF:10
BRH:0
end_of_record
TN:
SF:/Users/user/Віка/Projects/socio-local-web/src/app/dashboard/details/details-item/details-item.component.ts
FN:8,(anonymous_2)
FN:18,DetailsItemComponent
FN:20,(anonymous_4)
FN:23,(anonymous_5)
FN:27,(anonymous_6)
FN:31,(anonymous_7)
FN:38,(anonymous_8)
FN:42,(anonymous_9)
FNF:8
FNH:1
FNDA:1,(anonymous_2)
FNDA:0,DetailsItemComponent
FNDA:0,(anonymous_4)
FNDA:0,(anonymous_5)
FNDA:0,(anonymous_6)
FNDA:0,(anonymous_7)
FNDA:0,(anonymous_8)
FNDA:0,(anonymous_9)
DA:1,1
DA:8,1
DA:10,1
DA:11,1
DA:12,1
DA:13,1
DA:15,0
DA:16,0
DA:20,1
DA:23,1
DA:24,0
DA:27,1
DA:28,0
DA:31,1
DA:32,0
DA:33,0
DA:35,0
DA:38,1
DA:39,0
DA:42,1
DA:43,0
DA:45,1
LF:22
LH:13
BRDA:32,0,0,0
BRDA:32,0,1,0
BRF:2
BRH:0
end_of_record
TN:
SF:/Users/user/Віка/Projects/socio-local-web/src/app/dashboard/details/location/location.component.ts
FN:10,(anonymous_2)
FN:20,LocationComponent
FN:22,(anonymous_4)
FN:27,(anonymous_5)
FN:31,(anonymous_6)
FN:36,(anonymous_7)
FN:40,(anonymous_8)
FN:48,(anonymous_9)
FN:66,(anonymous_10)
FN:69,(anonymous_11)
FNF:10
FNH:1
FNDA:1,(anonymous_2)
FNDA:0,LocationComponent
FNDA:0,(anonymous_4)
FNDA:0,(anonymous_5)
FNDA:0,(anonymous_6)
FNDA:0,(anonymous_7)
FNDA:0,(anonymous_8)
FNDA:0,(anonymous_9)
FNDA:0,(anonymous_10)
FNDA:0,(anonymous_11)
DA:1,1
DA:10,1
DA:12,1
DA:20,0
DA:22,1
DA:23,0
DA:24,0
DA:27,1
DA:28,0
DA:31,1
DA:32,0
DA:33,0
DA:36,1
DA:37,0
DA:40,1
DA:41,0
DA:42,0
DA:43,0
DA:44,0
DA:48,1
DA:49,0
DA:50,0
DA:60,0
DA:66,1
DA:67,0
DA:70,0
DA:71,0
DA:72,0
DA:73,0
DA:78,1
LF:30
LH:11
BRDA:37,0,0,0
BRDA:37,0,1,0
BRDA:43,1,0,0
BRDA:43,1,1,0
BRDA:70,2,0,0
BRDA:70,2,1,0
BRDA:71,3,0,0
BRDA:71,3,1,0
BRF:8
BRH:0
end_of_record
TN:
SF:/Users/user/Віка/Projects/socio-local-web/src/app/dashboard/details/menus/menus.component.ts
FN:19,(anonymous_2)
FN:30,MenusComponent
FN:35,(anonymous_4)
FN:50,(anonymous_5)
FN:57,(anonymous_6)
FN:63,(anonymous_7)
FN:67,(anonymous_8)
FN:78,(anonymous_9)
FN:84,(anonymous_10)
FN:88,(anonymous_11)
FN:91,(anonymous_12)
FN:96,(anonymous_13)
FN:103,(anonymous_14)
FN:105,(anonymous_15)
FN:116,(anonymous_16)
FN:128,(anonymous_17)
FN:129,(anonymous_18)
FNF:17
FNH:12
FNDA:1,(anonymous_2)
FNDA:14,MenusComponent
FNDA:2,(anonymous_4)
FNDA:3,(anonymous_5)
FNDA:4,(anonymous_6)
FNDA:0,(anonymous_7)
FNDA:0,(anonymous_8)
FNDA:1,(anonymous_9)
FNDA:1,(anonymous_10)
FNDA:0,(anonymous_11)
FNDA:0,(anonymous_12)
FNDA:0,(anonymous_13)
FNDA:3,(anonymous_14)
FNDA:4,(anonymous_15)
FNDA:2,(anonymous_16)
FNDA:4,(anonymous_17)
FNDA:6,(anonymous_18)
DA:1,1
DA:10,1
DA:12,1
DA:19,1
DA:20,1
DA:21,1
DA:22,15
DA:24,14
DA:25,14
DA:27,14
DA:28,14
DA:31,14
DA:32,14
DA:35,1
DA:36,2
DA:37,2
DA:50,1
DA:51,3
DA:52,2
DA:54,1
DA:57,1
DA:58,4
DA:63,1
DA:64,0
DA:67,0
DA:68,0
DA:69,0
DA:71,0
DA:72,0
DA:74,0
DA:78,1
DA:79,1
DA:84,1
DA:85,1
DA:88,1
DA:89,0
DA:92,0
DA:93,0
DA:94,0
DA:97,0
DA:98,0
DA:103,3
DA:104,3
DA:105,3
DA:106,4
DA:107,2
DA:110,3
DA:111,1
DA:112,1
DA:116,1
DA:117,2
DA:118,2
DA:128,1
DA:129,6
DA:132,1
LF:55
LH:42
BRDA:51,0,0,2
BRDA:51,0,1,1
BRDA:52,1,0,1
BRDA:52,1,1,1
BRDA:58,2,0,4
BRDA:58,2,1,4
BRDA:69,3,0,0
BRDA:69,3,1,0
BRDA:71,4,0,0
BRDA:71,4,1,0
BRDA:106,5,0,2
BRDA:106,5,1,2
BRDA:106,6,0,4
BRDA:106,6,1,2
BRDA:110,7,0,1
BRDA:110,7,1,2
BRF:16
BRH:12
end_of_record
TN:
SF:/Users/user/Віка/Projects/socio-local-web/src/app/dashboard/details/named-links/named-links.component.ts
FN:10,(anonymous_2)
FN:20,NamedLinksComponent
FN:23,(anonymous_4)
FN:26,(anonymous_5)
FN:30,(anonymous_6)
FN:38,(anonymous_7)
FN:43,(anonymous_8)
FN:51,(anonymous_9)
FN:57,(anonymous_10)
FN:62,(anonymous_11)
FN:66,(anonymous_12)
FN:70,(anonymous_13)
FN:72,(anonymous_14)
FN:78,(anonymous_15)
FN:84,(anonymous_16)
FNF:15
FNH:1
FNDA:1,(anonymous_2)
FNDA:0,NamedLinksComponent
FNDA:0,(anonymous_4)
FNDA:0,(anonymous_5)
FNDA:0,(anonymous_6)
FNDA:0,(anonymous_7)
FNDA:0,(anonymous_8)
FNDA:0,(anonymous_9)
FNDA:0,(anonymous_10)
FNDA:0,(anonymous_11)
FNDA:0,(anonymous_12)
FNDA:0,(anonymous_13)
FNDA:0,(anonymous_14)
FNDA:0,(anonymous_15)
FNDA:0,(anonymous_16)
DA:1,1
DA:2,1
DA:3,1
DA:10,1
DA:11,1
DA:18,1
DA:19,1
DA:20,0
DA:21,0
DA:23,1
DA:26,1
DA:27,0
DA:30,1
DA:31,0
DA:32,0
DA:33,0
DA:35,0
DA:38,1
DA:39,0
DA:40,0
DA:43,1
DA:44,0
DA:45,0
DA:46,0
DA:48,0
DA:51,1
DA:52,0
DA:53,0
DA:54,0
DA:57,1
DA:58,0
DA:59,0
DA:62,1
DA:63,0
DA:66,1
DA:67,0
DA:70,1
DA:71,0
DA:73,0
DA:74,0
DA:78,1
DA:79,0
DA:80,0
DA:81,0
DA:84,1
DA:85,0
DA:86,0
DA:88,0
DA:91,1
LF:49
LH:20
BRDA:32,0,0,0
BRDA:32,0,1,0
BRDA:32,1,0,0
BRDA:32,1,1,0
BRDA:44,2,0,0
BRDA:44,2,1,0
BRDA:85,3,0,0
BRDA:85,3,1,0
BRF:8
BRH:0
end_of_record
TN:
SF:/Users/user/Віка/Projects/socio-local-web/src/app/dashboard/details/named-links/link-form/link-form.component.ts
FN:10,(anonymous_2)
FN:17,LinkFormComponent
FN:20,(anonymous_4)
FN:27,(anonymous_5)
FN:34,(anonymous_6)
FN:41,(anonymous_7)
FN:45,(anonymous_8)
FN:49,(anonymous_9)
FN:63,(anonymous_10)
FN:68,(anonymous_11)
FNF:10
FNH:1
FNDA:1,(anonymous_2)
FNDA:0,LinkFormComponent
FNDA:0,(anonymous_4)
FNDA:0,(anonymous_5)
FNDA:0,(anonymous_6)
FNDA:0,(anonymous_7)
FNDA:0,(anonymous_8)
FNDA:0,(anonymous_9)
FNDA:0,(anonymous_10)
FNDA:0,(anonymous_11)
DA:1,1
DA:2,1
DA:3,1
DA:10,1
DA:13,1
DA:14,1
DA:15,1
DA:16,1
DA:17,0
DA:18,0
DA:20,1
DA:21,0
DA:22,0
DA:23,0
DA:27,1
DA:28,0
DA:34,1
DA:35,0
DA:41,1
DA:42,0
DA:45,1
DA:46,0
DA:49,1
DA:50,0
DA:51,0
DA:52,0
DA:53,0
DA:54,0
DA:55,0
DA:56,0
DA:58,0
DA:63,1
DA:64,0
DA:65,0
DA:68,1
DA:69,0
DA:70,0
DA:73,1
LF:38
LH:17
BRDA:22,0,0,0
BRDA:22,0,1,0
BRDA:52,1,0,0
BRDA:52,1,1,0
BRDA:53,2,0,0
BRDA:53,2,1,0
BRF:6
BRH:0
end_of_record
TN:
SF:/Users/user/Віка/Projects/socio-local-web/src/app/dashboard/details/objective/objective-constants.ts
FNF:0
FNH:0
DA:1,1
LF:1
LH:1
BRF:0
BRH:0
end_of_record
TN:
SF:/Users/user/Віка/Projects/socio-local-web/src/app/dashboard/details/objective/objective.component.ts
FN:20,(anonymous_2)
FN:14,ObjectiveComponent
FN:32,(anonymous_4)
FN:37,(anonymous_5)
FN:43,(anonymous_6)
FNF:5
FNH:4
FNDA:1,(anonymous_2)
FNDA:3,ObjectiveComponent
FNDA:1,(anonymous_4)
FNDA:0,(anonymous_5)
FNDA:2,(anonymous_6)
DA:1,1
DA:12,1
DA:20,1
DA:21,1
DA:22,1
DA:23,4
DA:24,1
DA:27,3
DA:28,3
DA:29,3
DA:32,1
DA:33,1
DA:37,2
DA:38,0
DA:39,0
DA:43,1
DA:44,2
DA:45,2
DA:47,1
LF:19
LH:17
BRDA:38,0,0,0
BRDA:38,0,1,0
BRDA:38,1,0,0
BRDA:38,1,1,0
BRF:4
BRH:0
end_of_record
TN:
SF:/Users/user/Віка/Projects/socio-local-web/src/app/dashboard/details/opening-hours/time-slider/time-slider.component.ts
FN:9,(anonymous_2)
FN:20,TimeSliderComponent
FN:22,(anonymous_4)
FN:26,(anonymous_5)
FN:32,(anonymous_6)
FN:38,(anonymous_7)
FN:50,(anonymous_8)
FN:57,(anonymous_9)
FN:66,(anonymous_10)
FN:72,(anonymous_11)
FN:76,(anonymous_12)
FNF:11
FNH:1
FNDA:1,(anonymous_2)
FNDA:0,TimeSliderComponent
FNDA:0,(anonymous_4)
FNDA:0,(anonymous_5)
FNDA:0,(anonymous_6)
FNDA:0,(anonymous_7)
FNDA:0,(anonymous_8)
FNDA:0,(anonymous_9)
FNDA:0,(anonymous_10)
FNDA:0,(anonymous_11)
FNDA:0,(anonymous_12)
DA:1,1
DA:2,1
DA:9,1
DA:13,1
DA:14,1
DA:15,1
DA:16,1
DA:17,1
DA:18,1
DA:22,1
DA:23,0
DA:26,1
DA:27,0
DA:28,0
DA:32,1
DA:33,0
DA:34,0
DA:35,0
DA:38,1
DA:39,0
DA:40,0
DA:50,0
DA:51,0
DA:52,0
DA:53,0
DA:57,1
DA:58,0
DA:59,0
DA:60,0
DA:61,0
DA:62,0
DA:63,0
DA:66,1
DA:67,0
DA:68,0
DA:69,0
DA:72,1
DA:73,0
DA:76,1
DA:77,0
DA:78,0
DA:79,0
DA:82,1
LF:43
LH:18
BRDA:23,0,0,0
BRDA:23,0,1,0
BRDA:23,1,0,0
BRDA:23,1,1,0
BRDA:27,2,0,0
BRDA:27,2,1,0
BRDA:27,3,0,0
BRDA:27,3,1,0
BRDA:73,4,0,0
BRDA:73,4,1,0
BRF:10
BRH:0
end_of_record
TN:
SF:/Users/user/Віка/Projects/socio-local-web/src/app/dashboard/details/persons/persons.component.ts
FN:8,(anonymous_2)
FN:10,PersonsComponent
FN:12,(anonymous_4)
FNF:3
FNH:1
FNDA:1,(anonymous_2)
FNDA:0,PersonsComponent
FNDA:0,(anonymous_4)
DA:1,1
DA:8,1
DA:12,1
DA:15,1
LF:4
LH:4
BRF:0
BRH:0
end_of_record
TN:
SF:/Users/user/Віка/Projects/socio-local-web/src/app/dashboard/details/target-market/target-market.component.ts
FN:10,(anonymous_2)
FN:21,TargetMarketComponent
FN:23,(anonymous_4)
FN:29,(anonymous_5)
FN:34,(anonymous_6)
FN:40,(anonymous_7)
FN:42,(anonymous_8)
FN:43,(anonymous_9)
FN:47,(anonymous_10)
FN:51,(anonymous_11)
FN:52,(anonymous_12)
FN:55,(anonymous_13)
FN:62,(anonymous_14)
FN:66,(anonymous_15)
FN:70,(anonymous_16)
FN:77,(anonymous_17)
FN:81,(anonymous_18)
FN:86,(anonymous_19)
FN:90,(anonymous_20)
FNF:19
FNH:1
FNDA:1,(anonymous_2)
FNDA:0,TargetMarketComponent
FNDA:0,(anonymous_4)
FNDA:0,(anonymous_5)
FNDA:0,(anonymous_6)
FNDA:0,(anonymous_7)
FNDA:0,(anonymous_8)
FNDA:0,(anonymous_9)
FNDA:0,(anonymous_10)
FNDA:0,(anonymous_11)
FNDA:0,(anonymous_12)
FNDA:0,(anonymous_13)
FNDA:0,(anonymous_14)
FNDA:0,(anonymous_15)
FNDA:0,(anonymous_16)
FNDA:0,(anonymous_17)
FNDA:0,(anonymous_18)
FNDA:0,(anonymous_19)
FNDA:0,(anonymous_20)
DA:1,1
DA:2,1
DA:10,1
DA:12,1
DA:13,1
DA:14,1
DA:16,0
DA:21,0
DA:23,1
DA:24,0
DA:25,0
DA:26,0
DA:29,1
DA:30,0
DA:31,0
DA:34,1
DA:35,0
DA:36,0
DA:37,0
DA:40,1
DA:41,0
DA:42,0
DA:44,0
DA:46,0
DA:47,0
DA:51,1
DA:52,0
DA:55,1
DA:56,0
DA:57,0
DA:58,0
DA:62,1
DA:63,0
DA:66,1
DA:67,0
DA:70,1
DA:71,0
DA:72,0
DA:74,0
DA:77,1
DA:78,0
DA:81,1
DA:82,0
DA:83,0
DA:86,1
DA:87,0
DA:90,1
DA:91,0
DA:94,1
LF:49
LH:20
BRDA:57,0,0,0
BRDA:57,0,1,0
BRDA:71,1,0,0
BRDA:71,1,1,0
BRF:4
BRH:0
end_of_record
TN:
SF:/Users/user/Віка/Projects/socio-local-web/src/app/dashboard/details/target-market/chip/chip.component.ts
FN:8,(anonymous_2)
FN:3,ChipComponent
FN:13,(anonymous_4)
FNF:3
FNH:1
FNDA:1,(anonymous_2)
FNDA:0,ChipComponent
FNDA:0,(anonymous_4)
DA:1,1
DA:8,1
DA:9,1
DA:10,1
DA:11,1
DA:13,1
DA:14,0
DA:17,1
LF:8
LH:7
BRF:0
BRH:0
end_of_record
TN:
SF:/Users/user/Віка/Projects/socio-local-web/src/app/dashboard/details/target-market/chip-input/chip-input.component.ts
FN:8,(anonymous_2)
FN:17,ChipInputComponent
FN:19,(anonymous_4)
FN:22,(anonymous_5)
FN:28,(anonymous_6)
FN:30,(anonymous_7)
FN:31,(anonymous_8)
FN:36,(anonymous_9)
FN:41,(anonymous_10)
FN:48,(anonymous_11)
FN:62,(anonymous_12)
FN:67,(anonymous_13)
FN:71,(anonymous_14)
FN:72,(anonymous_15)
FN:75,(anonymous_16)
FN:82,(anonymous_17)
FN:87,(anonymous_18)
FN:94,(anonymous_19)
FN:95,(anonymous_20)
FN:99,(anonymous_21)
FN:108,(anonymous_22)
FN:109,(anonymous_23)
FN:112,(anonymous_24)
FN:113,(anonymous_25)
FN:116,(anonymous_26)
FNF:25
FNH:1
FNDA:1,(anonymous_2)
FNDA:0,ChipInputComponent
FNDA:0,(anonymous_4)
FNDA:0,(anonymous_5)
FNDA:0,(anonymous_6)
FNDA:0,(anonymous_7)
FNDA:0,(anonymous_8)
FNDA:0,(anonymous_9)
FNDA:0,(anonymous_10)
FNDA:0,(anonymous_11)
FNDA:0,(anonymous_12)
FNDA:0,(anonymous_13)
FNDA:0,(anonymous_14)
FNDA:0,(anonymous_15)
FNDA:0,(anonymous_16)
FNDA:0,(anonymous_17)
FNDA:0,(anonymous_18)
FNDA:0,(anonymous_19)
FNDA:0,(anonymous_20)
FNDA:0,(anonymous_21)
FNDA:0,(anonymous_22)
FNDA:0,(anonymous_23)
FNDA:0,(anonymous_24)
FNDA:0,(anonymous_25)
FNDA:0,(anonymous_26)
DA:1,1
DA:8,1
DA:9,1
DA:10,1
DA:11,1
DA:12,1
DA:13,0
DA:14,0
DA:15,0
DA:19,1
DA:22,1
DA:23,0
DA:24,0
DA:28,1
DA:29,0
DA:30,0
DA:31,0
DA:33,0
DA:36,1
DA:37,0
DA:38,0
DA:39,0
DA:41,0
DA:42,0
DA:43,0
DA:48,1
DA:49,0
DA:50,0
DA:51,0
DA:53,0
DA:54,0
DA:55,0
DA:56,0
DA:58,0
DA:62,1
DA:63,0
DA:64,0
DA:67,1
DA:68,0
DA:71,1
DA:72,0
DA:75,1
DA:76,0
DA:82,1
DA:83,0
DA:84,0
DA:87,1
DA:88,0
DA:89,0
DA:91,0
DA:92,0
DA:93,0
DA:94,0
DA:95,0
DA:96,0
DA:99,1
DA:100,0
DA:101,0
DA:102,0
DA:103,0
DA:105,0
DA:108,1
DA:109,0
DA:112,1
DA:113,0
DA:116,1
DA:117,0
DA:118,0
DA:121,1
LF:69
LH:22
BRDA:23,0,0,0
BRDA:23,0,1,0
BRDA:23,1,0,0
BRDA:23,1,1,0
BRDA:37,2,0,0
BRDA:37,2,1,0
BRDA:37,3,0,0
BRDA:37,3,1,0
BRDA:37,3,2,0
BRDA:42,4,0,0
BRDA:42,4,1,0
BRDA:50,5,0,0
BRDA:50,5,1,0
BRDA:54,6,0,0
BRDA:54,6,1,0
BRDA:88,7,0,0
BRDA:88,7,1,0
BRDA:101,8,0,0
BRDA:101,8,1,0
BRF:19
BRH:0
end_of_record
TN:
SF:/Users/user/Віка/Projects/socio-local-web/src/app/dashboard/events/events.component.ts
FN:8,(anonymous_2)
FN:10,EventsComponent
FN:12,(anonymous_4)
FNF:3
FNH:1
FNDA:1,(anonymous_2)
FNDA:0,EventsComponent
FNDA:0,(anonymous_4)
DA:1,1
DA:8,1
DA:12,1
DA:15,1
LF:4
LH:4
BRF:0
BRH:0
end_of_record
TN:
SF:/Users/user/Віка/Projects/socio-local-web/src/app/dashboard/events/events.constants.ts
FNF:0
FNH:0
DA:1,1
LF:1
LH:1
BRF:0
BRH:0
end_of_record
TN:
SF:/Users/user/Віка/Projects/socio-local-web/src/app/dashboard/files/files.component.ts
FN:16,(anonymous_2)
FN:32,FilesComponent
FN:39,(anonymous_4)
FN:46,(anonymous_5)
FN:49,(anonymous_6)
FN:50,(anonymous_7)
FN:56,(anonymous_8)
FN:58,(anonymous_9)
FN:64,(anonymous_10)
FN:74,(anonymous_11)
FN:78,(anonymous_12)
FN:85,(anonymous_13)
FN:92,(anonymous_14)
FN:100,(anonymous_15)
FN:107,(anonymous_16)
FN:109,(anonymous_17)
FN:114,(anonymous_18)
FN:120,(anonymous_19)
FN:128,(anonymous_20)
FN:130,(anonymous_21)
FN:135,(anonymous_22)
FN:139,(anonymous_23)
FN:146,(anonymous_24)
FN:151,(anonymous_25)
FN:153,(anonymous_26)
FN:155,(anonymous_27)
FN:164,(anonymous_28)
FNF:27
FNH:1
FNDA:1,(anonymous_2)
FNDA:0,FilesComponent
FNDA:0,(anonymous_4)
FNDA:0,(anonymous_5)
FNDA:0,(anonymous_6)
FNDA:0,(anonymous_7)
FNDA:0,(anonymous_8)
FNDA:0,(anonymous_9)
FNDA:0,(anonymous_10)
FNDA:0,(anonymous_11)
FNDA:0,(anonymous_12)
FNDA:0,(anonymous_13)
FNDA:0,(anonymous_14)
FNDA:0,(anonymous_15)
FNDA:0,(anonymous_16)
FNDA:0,(anonymous_17)
FNDA:0,(anonymous_18)
FNDA:0,(anonymous_19)
FNDA:0,(anonymous_20)
FNDA:0,(anonymous_21)
FNDA:0,(anonymous_22)
FNDA:0,(anonymous_23)
FNDA:0,(anonymous_24)
FNDA:0,(anonymous_25)
FNDA:0,(anonymous_26)
FNDA:0,(anonymous_27)
FNDA:0,(anonymous_28)
DA:1,1
DA:2,1
DA:4,1
DA:5,1
DA:6,1
DA:7,1
DA:8,1
DA:16,1
DA:21,0
DA:24,0
DA:25,0
DA:33,0
DA:34,0
DA:35,0
DA:36,0
DA:39,1
DA:40,0
DA:41,0
DA:42,0
DA:43,0
DA:46,1
DA:47,0
DA:48,0
DA:49,0
DA:51,0
DA:52,0
DA:56,1
DA:57,0
DA:59,0
DA:64,1
DA:65,0
DA:66,0
DA:68,0
DA:70,0
DA:71,0
DA:74,1
DA:75,0
DA:78,1
DA:79,0
DA:80,0
DA:82,0
DA:83,0
DA:86,0
DA:87,0
DA:88,0
DA:92,1
DA:93,0
DA:98,0
DA:99,0
DA:101,0
DA:102,0
DA:107,1
DA:108,0
DA:109,0
DA:111,0
DA:114,1
DA:115,0
DA:116,0
DA:117,0
DA:120,1
DA:121,0
DA:122,0
DA:123,0
DA:124,0
DA:125,0
DA:128,1
DA:129,0
DA:131,0
DA:135,1
DA:136,0
DA:139,1
DA:140,0
DA:141,0
DA:142,0
DA:146,1
DA:147,0
DA:148,0
DA:151,1
DA:152,0
DA:154,0
DA:155,0
DA:156,0
DA:157,0
DA:158,0
DA:164,1
DA:165,0
DA:167,1
LF:87
LH:25
BRDA:65,0,0,0
BRDA:65,0,1,0
BRDA:79,1,0,0
BRDA:79,1,1,0
BRDA:108,2,0,0
BRDA:108,2,1,0
BRDA:140,3,0,0
BRDA:140,3,1,0
BRDA:156,4,0,0
BRDA:156,4,1,0
BRF:10
BRH:0
end_of_record
TN:
SF:/Users/user/Віка/Projects/socio-local-web/src/app/dashboard/files/files-item/files-item.component.ts
FN:13,(anonymous_2)
FN:29,FilesItemComponent
FN:31,(anonymous_4)
FN:34,(anonymous_5)
FN:39,(anonymous_6)
FN:51,(anonymous_7)
FN:58,(anonymous_8)
FN:67,(anonymous_9)
FN:74,(anonymous_10)
FN:83,(anonymous_11)
FN:89,(anonymous_12)
FN:100,(anonymous_13)
FN:102,(anonymous_14)
FN:104,(anonymous_15)
FN:111,(anonymous_16)
FN:121,(anonymous_17)
FN:125,(anonymous_18)
FN:133,(anonymous_19)
FN:138,(anonymous_20)
FN:143,(anonymous_21)
FN:148,(anonymous_22)
FN:161,(anonymous_23)
FNF:22
FNH:1
FNDA:1,(anonymous_2)
FNDA:0,FilesItemComponent
FNDA:0,(anonymous_4)
FNDA:0,(anonymous_5)
FNDA:0,(anonymous_6)
FNDA:0,(anonymous_7)
FNDA:0,(anonymous_8)
FNDA:0,(anonymous_9)
FNDA:0,(anonymous_10)
FNDA:0,(anonymous_11)
FNDA:0,(anonymous_12)
FNDA:0,(anonymous_13)
FNDA:0,(anonymous_14)
FNDA:0,(anonymous_15)
FNDA:0,(anonymous_16)
FNDA:0,(anonymous_17)
FNDA:0,(anonymous_18)
FNDA:0,(anonymous_19)
FNDA:0,(anonymous_20)
FNDA:0,(anonymous_21)
FNDA:0,(anonymous_22)
FNDA:0,(anonymous_23)
DA:1,1
DA:2,1
DA:5,1
DA:6,1
DA:13,1
DA:15,1
DA:16,1
DA:17,1
DA:18,1
DA:19,1
DA:20,1
DA:21,1
DA:23,0
DA:24,0
DA:26,0
DA:29,0
DA:31,1
DA:34,1
DA:35,0
DA:36,0
DA:39,1
DA:40,0
DA:41,0
DA:42,0
DA:43,0
DA:46,0
DA:47,0
DA:51,1
DA:52,0
DA:53,0
DA:54,0
DA:58,1
DA:59,0
DA:60,0
DA:61,0
DA:62,0
DA:63,0
DA:67,1
DA:68,0
DA:69,0
DA:70,0
DA:71,0
DA:74,1
DA:75,0
DA:76,0
DA:77,0
DA:79,0
DA:83,1
DA:84,0
DA:85,0
DA:86,0
DA:89,1
DA:90,0
DA:91,0
DA:92,0
DA:94,0
DA:96,0
DA:97,0
DA:100,1
DA:101,0
DA:102,0
DA:103,0
DA:104,0
DA:105,0
DA:108,0
DA:111,1
DA:112,0
DA:113,0
DA:114,0
DA:116,0
DA:117,0
DA:121,1
DA:122,0
DA:125,1
DA:126,0
DA:127,0
DA:128,0
DA:129,0
DA:133,1
DA:134,0
DA:135,0
DA:138,1
DA:139,0
DA:140,0
DA:143,1
DA:144,0
DA:145,0
DA:148,1
DA:150,0
DA:151,0
DA:152,0
DA:154,0
DA:155,0
DA:156,0
DA:161,1
DA:162,0
DA:165,1
LF:97
LH:31
BRDA:42,0,0,0
BRDA:42,0,1,0
BRDA:42,1,0,0
BRDA:42,1,1,0
BRDA:46,2,0,0
BRDA:46,2,1,0
BRDA:53,3,0,0
BRDA:53,3,1,0
BRDA:59,4,0,0
BRDA:59,4,1,0
BRDA:75,5,0,0
BRDA:75,5,1,0
BRDA:91,6,0,0
BRDA:91,6,1,0
BRDA:113,7,0,0
BRDA:113,7,1,0
BRDA:122,8,0,0
BRDA:122,8,1,0
BRDA:127,9,0,0
BRDA:127,9,1,0
BRDA:127,9,2,0
BRDA:151,10,0,0
BRDA:151,10,1,0
BRDA:155,11,0,0
BRDA:155,11,1,0
BRDA:162,12,0,0
BRDA:162,12,1,0
BRF:27
BRH:0
end_of_record
TN:
SF:/Users/user/Віка/Projects/socio-local-web/src/app/dashboard/files/right-sidebar-search/right-sidebar-search.component.ts
FN:9,(anonymous_2)
FN:16,RightSidebarSearchComponent
FN:18,(anonymous_4)
FN:21,(anonymous_5)
FN:27,(anonymous_6)
FNF:5
FNH:1
FNDA:1,(anonymous_2)
FNDA:0,RightSidebarSearchComponent
FNDA:0,(anonymous_4)
FNDA:0,(anonymous_5)
FNDA:0,(anonymous_6)
DA:1,1
DA:2,1
DA:9,1
DA:11,1
DA:12,1
DA:13,1
DA:14,1
DA:16,0
DA:18,1
DA:21,1
DA:22,0
DA:23,0
DA:27,1
DA:28,0
DA:29,0
DA:32,1
LF:16
LH:11
BRDA:22,0,0,0
BRDA:22,0,1,0
BRDA:22,1,0,0
BRDA:22,1,1,0
BRDA:22,1,2,0
BRF:5
BRH:0
end_of_record
TN:
SF:/Users/user/Віка/Projects/socio-local-web/src/app/dashboard/files/tag-filter/tag-filter.component.ts
FN:8,(anonymous_2)
FN:11,TagFilterComponent
FN:13,(anonymous_4)
FN:16,(anonymous_5)
FNF:4
FNH:1
FNDA:1,(anonymous_2)
FNDA:0,TagFilterComponent
FNDA:0,(anonymous_4)
FNDA:0,(anonymous_5)
DA:1,1
DA:8,1
DA:9,1
DA:10,1
DA:13,1
DA:16,1
DA:17,0
DA:20,1
LF:8
LH:7
BRF:0
BRH:0
end_of_record
TN:
SF:/Users/user/Віка/Projects/socio-local-web/src/app/dashboard/header/header.component.ts
FN:9,(anonymous_2)
FN:16,HeaderComponent
FN:18,(anonymous_4)
FN:22,(anonymous_5)
FN:29,(anonymous_6)
FN:35,(anonymous_7)
FNF:6
FNH:1
FNDA:1,(anonymous_2)
FNDA:0,HeaderComponent
FNDA:0,(anonymous_4)
FNDA:0,(anonymous_5)
FNDA:0,(anonymous_6)
FNDA:0,(anonymous_7)
DA:1,1
DA:2,1
DA:9,1
DA:11,0
DA:12,1
DA:13,1
DA:14,1
DA:16,0
DA:18,1
DA:19,0
DA:22,1
DA:23,0
DA:24,0
DA:29,1
DA:30,0
DA:31,0
DA:32,0
DA:35,1
DA:36,0
DA:38,1
LF:20
LH:11
BRDA:23,0,0,0
BRDA:23,0,1,0
BRF:2
BRH:0
end_of_record
TN:
SF:/Users/user/Віка/Projects/socio-local-web/src/app/dashboard/header/current-user/current-user.component.ts
FN:14,(anonymous_2)
FN:21,CurrentUserComponent
FN:31,(anonymous_4)
FN:35,(anonymous_5)
FN:37,(anonymous_6)
FN:38,(anonymous_7)
FN:44,(anonymous_8)
FN:48,(anonymous_9)
FN:52,(anonymous_10)
FN:59,(anonymous_11)
FN:63,(anonymous_12)
FN:69,(anonymous_13)
FN:70,(anonymous_14)
FN:73,(anonymous_15)
FN:77,(anonymous_16)
FN:81,(anonymous_17)
FNF:16
FNH:1
FNDA:1,(anonymous_2)
FNDA:0,CurrentUserComponent
FNDA:0,(anonymous_4)
FNDA:0,(anonymous_5)
FNDA:0,(anonymous_6)
FNDA:0,(anonymous_7)
FNDA:0,(anonymous_8)
FNDA:0,(anonymous_9)
FNDA:0,(anonymous_10)
FNDA:0,(anonymous_11)
FNDA:0,(anonymous_12)
FNDA:0,(anonymous_13)
FNDA:0,(anonymous_14)
FNDA:0,(anonymous_15)
FNDA:0,(anonymous_16)
FNDA:0,(anonymous_17)
DA:1,1
DA:2,1
DA:3,1
DA:4,1
DA:5,1
DA:6,1
DA:7,1
DA:14,1
DA:17,0
DA:22,0
DA:23,0
DA:24,0
DA:25,0
DA:26,0
DA:27,0
DA:28,0
DA:31,1
DA:32,0
DA:35,1
DA:36,0
DA:37,0
DA:39,0
DA:40,0
DA:44,1
DA:45,0
DA:48,1
DA:49,0
DA:52,1
DA:53,0
DA:54,0
DA:55,0
DA:56,0
DA:59,1
DA:60,0
DA:63,1
DA:64,0
DA:65,0
DA:66,0
DA:69,1
DA:70,0
DA:73,1
DA:74,0
DA:77,1
DA:78,0
DA:81,1
DA:82,0
DA:84,0
DA:86,0
DA:88,0
DA:93,1
LF:50
LH:20
BRDA:74,0,0,0
BRDA:74,0,1,0
BRDA:78,1,0,0
BRDA:78,1,1,0
BRDA:83,2,0,0
BRDA:83,2,1,0
BRDA:83,2,2,0
BRF:7
BRH:0
end_of_record
TN:
SF:/Users/user/Віка/Projects/socio-local-web/src/app/dashboard/header/venue-search/venue-search.component.ts
FN:15,(anonymous_3)
FN:45,VenueSearchComponent
FN:52,(anonymous_5)
FN:57,(anonymous_6)
FN:58,(anonymous_7)
FN:59,(anonymous_8)
FN:60,(anonymous_9)
FN:63,(anonymous_10)
FN:64,(anonymous_11)
FN:71,(anonymous_12)
FN:76,(anonymous_13)
FN:77,(anonymous_14)
FN:86,(anonymous_15)
FN:90,(anonymous_16)
FN:96,(anonymous_17)
FN:98,(anonymous_18)
FN:99,(anonymous_19)
FN:105,(anonymous_20)
FN:106,(anonymous_21)
FN:108,(anonymous_22)
FN:113,(anonymous_23)
FN:121,(anonymous_24)
FN:125,(anonymous_25)
FN:129,(anonymous_26)
FN:133,(anonymous_27)
FN:138,(anonymous_28)
FN:149,(anonymous_29)
FN:150,(anonymous_30)
FN:157,(anonymous_31)
FN:163,(anonymous_32)
FN:177,(anonymous_33)
FN:184,(anonymous_34)
FN:188,(anonymous_35)
FN:189,(anonymous_36)
FN:190,(anonymous_37)
FN:195,(anonymous_38)
FN:202,(anonymous_39)
FN:206,(anonymous_40)
FN:209,(anonymous_41)
FN:219,(anonymous_42)
FN:222,(anonymous_43)
FN:223,(anonymous_44)
FN:234,(anonymous_45)
FN:236,(anonymous_46)
FN:240,(anonymous_47)
FN:245,(anonymous_48)
FN:246,(anonymous_49)
FN:247,(anonymous_50)
FN:255,(anonymous_51)
FN:256,(anonymous_52)
FN:260,(anonymous_53)
FN:264,(anonymous_54)
FN:268,(anonymous_55)
FN:271,(anonymous_56)
FN:275,(anonymous_57)
FN:279,(anonymous_58)
FN:284,(anonymous_59)
FN:285,(anonymous_60)
FN:288,(anonymous_61)
FN:289,(anonymous_62)
FN:302,(anonymous_63)
FN:306,(anonymous_64)
FN:312,(anonymous_65)
FN:316,(anonymous_66)
FNF:64
FNH:1
FNDA:1,(anonymous_3)
FNDA:0,VenueSearchComponent
FNDA:0,(anonymous_5)
FNDA:0,(anonymous_6)
FNDA:0,(anonymous_7)
FNDA:0,(anonymous_8)
FNDA:0,(anonymous_9)
FNDA:0,(anonymous_10)
FNDA:0,(anonymous_11)
FNDA:0,(anonymous_12)
FNDA:0,(anonymous_13)
FNDA:0,(anonymous_14)
FNDA:0,(anonymous_15)
FNDA:0,(anonymous_16)
FNDA:0,(anonymous_17)
FNDA:0,(anonymous_18)
FNDA:0,(anonymous_19)
FNDA:0,(anonymous_20)
FNDA:0,(anonymous_21)
FNDA:0,(anonymous_22)
FNDA:0,(anonymous_23)
FNDA:0,(anonymous_24)
FNDA:0,(anonymous_25)
FNDA:0,(anonymous_26)
FNDA:0,(anonymous_27)
FNDA:0,(anonymous_28)
FNDA:0,(anonymous_29)
FNDA:0,(anonymous_30)
FNDA:0,(anonymous_31)
FNDA:0,(anonymous_32)
FNDA:0,(anonymous_33)
FNDA:0,(anonymous_34)
FNDA:0,(anonymous_35)
FNDA:0,(anonymous_36)
FNDA:0,(anonymous_37)
FNDA:0,(anonymous_38)
FNDA:0,(anonymous_39)
FNDA:0,(anonymous_40)
FNDA:0,(anonymous_41)
FNDA:0,(anonymous_42)
FNDA:0,(anonymous_43)
FNDA:0,(anonymous_44)
FNDA:0,(anonymous_45)
FNDA:0,(anonymous_46)
FNDA:0,(anonymous_47)
FNDA:0,(anonymous_48)
FNDA:0,(anonymous_49)
FNDA:0,(anonymous_50)
FNDA:0,(anonymous_51)
FNDA:0,(anonymous_52)
FNDA:0,(anonymous_53)
FNDA:0,(anonymous_54)
FNDA:0,(anonymous_55)
FNDA:0,(anonymous_56)
FNDA:0,(anonymous_57)
FNDA:0,(anonymous_58)
FNDA:0,(anonymous_59)
FNDA:0,(anonymous_60)
FNDA:0,(anonymous_61)
FNDA:0,(anonymous_62)
FNDA:0,(anonymous_63)
FNDA:0,(anonymous_64)
FNDA:0,(anonymous_65)
FNDA:0,(anonymous_66)
DA:1,1
DA:2,1
DA:3,1
DA:4,1
DA:5,1
DA:6,1
DA:7,1
DA:15,1
DA:17,0
DA:22,0
DA:25,1
DA:26,1
DA:27,1
DA:30,0
DA:34,0
DA:38,0
DA:41,0
DA:46,0
DA:47,0
DA:48,0
DA:49,0
DA:52,1
DA:53,0
DA:54,0
DA:57,1
DA:58,0
DA:59,0
DA:60,0
DA:61,0
DA:62,0
DA:63,0
DA:65,0
DA:66,0
DA:67,0
DA:71,1
DA:72,0
DA:73,0
DA:74,0
DA:75,0
DA:76,0
DA:77,0
DA:78,0
DA:79,0
DA:80,0
DA:81,0
DA:86,1
DA:87,0
DA:90,1
DA:91,0
DA:92,0
DA:96,1
DA:97,0
DA:98,0
DA:100,0
DA:101,0
DA:105,1
DA:106,0
DA:107,0
DA:108,0
DA:110,0
DA:113,1
DA:114,0
DA:115,0
DA:116,0
DA:117,0
DA:118,0
DA:121,1
DA:122,0
DA:125,1
DA:126,0
DA:129,1
DA:130,0
DA:133,1
DA:134,0
DA:135,0
DA:138,1
DA:139,0
DA:140,0
DA:141,0
DA:143,0
DA:144,0
DA:149,0
DA:151,0
DA:154,0
DA:157,1
DA:158,0
DA:159,0
DA:160,0
DA:163,1
DA:164,0
DA:177,1
DA:178,0
DA:179,0
DA:181,0
DA:184,1
DA:185,0
DA:189,0
DA:190,0
DA:191,0
DA:192,0
DA:195,0
DA:202,1
DA:203,0
DA:204,0
DA:206,0
DA:209,1
DA:210,0
DA:211,0
DA:213,0
DA:219,1
DA:220,0
DA:221,0
DA:222,0
DA:223,0
DA:224,0
DA:226,0
DA:227,0
DA:231,0
DA:234,1
DA:235,0
DA:236,0
DA:237,0
DA:240,1
DA:241,0
DA:242,0
DA:244,0
DA:245,0
DA:246,0
DA:247,0
DA:248,0
DA:249,0
DA:250,0
DA:252,0
DA:255,1
DA:256,0
DA:257,0
DA:258,0
DA:260,0
DA:261,0
DA:264,1
DA:265,0
DA:266,0
DA:268,0
DA:271,1
DA:272,0
DA:275,1
DA:276,0
DA:279,1
DA:280,0
DA:281,0
DA:283,0
DA:284,0
DA:286,0
DA:288,0
DA:302,1
DA:303,0
DA:304,0
DA:306,0
DA:309,0
DA:312,1
DA:313,0
DA:314,0
DA:316,0
DA:317,0
DA:319,1
LF:165
LH:41
BRDA:63,0,0,0
BRDA:63,0,1,0
BRDA:76,1,0,0
BRDA:76,1,1,0
BRDA:91,2,0,0
BRDA:91,2,1,0
BRDA:107,3,0,0
BRDA:107,3,1,0
BRDA:114,4,0,0
BRDA:114,4,1,0
BRDA:140,5,0,0
BRDA:140,5,1,0
BRDA:178,6,0,0
BRDA:178,6,1,0
BRDA:178,7,0,0
BRDA:178,7,1,0
BRDA:181,8,0,0
BRDA:181,8,1,0
BRDA:191,9,0,0
BRDA:191,9,1,0
BRDA:191,10,0,0
BRDA:191,10,1,0
BRDA:203,11,0,0
BRDA:203,11,1,0
BRDA:203,12,0,0
BRDA:203,12,1,0
BRDA:210,13,0,0
BRDA:210,13,1,0
BRDA:210,14,0,0
BRDA:210,14,1,0
BRDA:226,15,0,0
BRDA:226,15,1,0
BRDA:241,16,0,0
BRDA:241,16,1,0
BRDA:241,17,0,0
BRDA:241,17,1,0
BRDA:257,18,0,0
BRDA:257,18,1,0
BRDA:265,19,0,0
BRDA:265,19,1,0
BRDA:272,20,0,0
BRDA:272,20,1,0
BRDA:280,21,0,0
BRDA:280,21,1,0
BRDA:288,22,0,0
BRDA:288,22,1,0
BRDA:306,23,0,0
BRDA:306,23,1,0
BRDA:313,24,0,0
BRDA:313,24,1,0
BRF:50
BRH:0
end_of_record
TN:
SF:/Users/user/Віка/Projects/socio-local-web/src/app/dashboard/left-sidebar/left-sidebar.component.ts
FN:12,(anonymous_2)
FN:19,LeftSidebarComponent
FN:21,(anonymous_4)
FN:26,(anonymous_5)
FN:30,(anonymous_6)
FN:32,(anonymous_7)
FN:33,(anonymous_8)
FN:35,(anonymous_9)
FN:41,(anonymous_10)
FN:48,(anonymous_11)
FNF:10
FNH:1
FNDA:1,(anonymous_2)
FNDA:0,LeftSidebarComponent
FNDA:0,(anonymous_4)
FNDA:0,(anonymous_5)
FNDA:0,(anonymous_6)
FNDA:0,(anonymous_7)
FNDA:0,(anonymous_8)
FNDA:0,(anonymous_9)
FNDA:0,(anonymous_10)
FNDA:0,(anonymous_11)
DA:1,1
DA:2,1
DA:3,1
DA:12,1
DA:14,1
DA:15,1
DA:16,0
DA:19,0
DA:21,1
DA:22,0
DA:23,0
DA:26,1
DA:27,0
DA:30,1
DA:31,0
DA:32,0
DA:34,0
DA:35,0
DA:36,0
DA:41,1
DA:42,0
DA:43,0
DA:45,0
DA:48,1
DA:49,0
DA:50,0
DA:52,0
DA:55,1
LF:28
LH:12
BRDA:36,0,0,0
BRDA:36,0,1,0
BRDA:42,1,0,0
BRDA:42,1,1,0
BRDA:49,2,0,0
BRDA:49,2,1,0
BRF:6
BRH:0
end_of_record
TN:
SF:/Users/user/Віка/Projects/socio-local-web/src/app/dashboard/left-sidebar/menu.constants.ts
FNF:0
FNH:0
DA:1,1
DA:3,1
LF:2
LH:2
BRF:0
BRH:0
end_of_record
TN:
SF:/Users/user/Віка/Projects/socio-local-web/src/app/dashboard/performance/performance.component.ts
FN:20,(anonymous_2)
FN:42,PerformanceComponent
FN:51,(anonymous_4)
FN:53,(anonymous_5)
FN:54,(anonymous_6)
FN:65,(anonymous_7)
FN:69,(anonymous_8)
FN:74,(anonymous_9)
FN:80,(anonymous_10)
FN:81,(anonymous_11)
FN:89,(anonymous_12)
FN:90,(anonymous_13)
FN:93,(anonymous_14)
FN:98,(anonymous_15)
FN:108,(anonymous_16)
FN:114,(anonymous_17)
FN:137,(anonymous_18)
FN:142,(anonymous_19)
FN:143,(anonymous_20)
FN:144,(anonymous_21)
FN:145,(anonymous_22)
FN:147,(anonymous_23)
FN:152,(anonymous_24)
FN:160,(anonymous_25)
FN:165,(anonymous_26)
FN:174,(anonymous_27)
FN:181,(anonymous_28)
FN:182,(anonymous_29)
FN:185,(anonymous_30)
FN:196,(anonymous_31)
FN:197,(anonymous_32)
FN:200,(anonymous_33)
FN:201,(anonymous_34)
FN:204,(anonymous_35)
FN:205,(anonymous_36)
FNF:35
FNH:1
FNDA:1,(anonymous_2)
FNDA:0,PerformanceComponent
FNDA:0,(anonymous_4)
FNDA:0,(anonymous_5)
FNDA:0,(anonymous_6)
FNDA:0,(anonymous_7)
FNDA:0,(anonymous_8)
FNDA:0,(anonymous_9)
FNDA:0,(anonymous_10)
FNDA:0,(anonymous_11)
FNDA:0,(anonymous_12)
FNDA:0,(anonymous_13)
FNDA:0,(anonymous_14)
FNDA:0,(anonymous_15)
FNDA:0,(anonymous_16)
FNDA:0,(anonymous_17)
FNDA:0,(anonymous_18)
FNDA:0,(anonymous_19)
FNDA:0,(anonymous_20)
FNDA:0,(anonymous_21)
FNDA:0,(anonymous_22)
FNDA:0,(anonymous_23)
FNDA:0,(anonymous_24)
FNDA:0,(anonymous_25)
FNDA:0,(anonymous_26)
FNDA:0,(anonymous_27)
FNDA:0,(anonymous_28)
FNDA:0,(anonymous_29)
FNDA:0,(anonymous_30)
FNDA:0,(anonymous_31)
FNDA:0,(anonymous_32)
FNDA:0,(anonymous_33)
FNDA:0,(anonymous_34)
FNDA:0,(anonymous_35)
FNDA:0,(anonymous_36)
DA:1,1
DA:2,1
DA:3,1
DA:4,1
DA:5,1
DA:6,1
DA:7,1
DA:8,1
DA:11,1
DA:20,1
DA:26,0
DA:28,0
DA:29,0
DA:30,0
DA:38,0
DA:39,0
DA:40,0
DA:43,0
DA:44,0
DA:45,0
DA:46,0
DA:47,0
DA:48,0
DA:51,1
DA:52,0
DA:53,0
DA:55,0
DA:56,0
DA:57,0
DA:58,0
DA:59,0
DA:65,1
DA:66,0
DA:69,1
DA:70,0
DA:71,0
DA:74,1
DA:75,0
DA:76,0
DA:77,0
DA:78,0
DA:80,0
DA:82,0
DA:83,0
DA:84,0
DA:85,0
DA:89,1
DA:90,0
DA:93,1
DA:94,0
DA:95,0
DA:98,1
DA:99,0
DA:109,0
DA:110,0
DA:114,1
DA:115,0
DA:116,0
DA:118,0
DA:119,0
DA:121,0
DA:122,0
DA:123,0
DA:125,0
DA:126,0
DA:127,0
DA:129,0
DA:130,0
DA:131,0
DA:133,0
DA:137,1
DA:138,0
DA:139,0
DA:141,0
DA:143,0
DA:144,0
DA:145,0
DA:146,0
DA:148,0
DA:152,1
DA:153,0
DA:154,0
DA:155,0
DA:157,0
DA:160,1
DA:161,0
DA:162,0
DA:165,1
DA:166,0
DA:175,0
DA:176,0
DA:177,0
DA:181,1
DA:182,0
DA:185,1
DA:186,0
DA:187,0
DA:188,0
DA:189,0
DA:190,0
DA:191,0
DA:192,0
DA:193,0
DA:196,1
DA:197,0
DA:200,1
DA:201,0
DA:204,1
DA:205,0
DA:208,1
LF:110
LH:28
BRDA:56,0,0,0
BRDA:56,0,1,0
BRDA:56,1,0,0
BRDA:56,1,1,0
BRDA:66,2,0,0
BRDA:66,2,1,0
BRDA:90,3,0,0
BRDA:90,3,1,0
BRDA:117,4,0,0
BRDA:117,4,1,0
BRDA:117,4,2,0
BRDA:117,4,3,0
BRDA:117,4,4,0
BRDA:138,5,0,0
BRDA:138,5,1,0
BRDA:153,6,0,0
BRDA:153,6,1,0
BRDA:197,7,0,0
BRDA:197,7,1,0
BRDA:197,7,2,0
BRDA:197,8,0,0
BRDA:197,8,1,0
BRDA:201,9,0,0
BRDA:201,9,1,0
BRDA:201,9,2,0
BRDA:201,10,0,0
BRDA:201,10,1,0
BRF:27
BRH:0
end_of_record
TN:
SF:/Users/user/Віка/Projects/socio-local-web/src/app/dashboard/performance/performance.constants.ts
FNF:0
FNH:0
DA:1,1
DA:9,1
DA:16,1
DA:25,1
DA:30,1
DA:38,1
LF:6
LH:6
BRF:0
BRH:0
end_of_record
TN:
SF:/Users/user/Віка/Projects/socio-local-web/src/app/dashboard/performance/performance-filters/performance-filters.component.ts
FN:13,(anonymous_2)
FN:19,PerformanceFiltersComponent
FN:21,(anonymous_4)
FN:30,(anonymous_5)
FN:34,(anonymous_6)
FN:53,(anonymous_7)
FN:57,(anonymous_8)
FN:61,(anonymous_9)
FNF:8
FNH:1
FNDA:1,(anonymous_2)
FNDA:0,PerformanceFiltersComponent
FNDA:0,(anonymous_4)
FNDA:0,(anonymous_5)
FNDA:0,(anonymous_6)
FNDA:0,(anonymous_7)
FNDA:0,(anonymous_8)
FNDA:0,(anonymous_9)
DA:1,1
DA:3,1
DA:5,1
DA:13,1
DA:17,1
DA:21,1
DA:22,0
DA:23,0
DA:25,0
DA:27,0
DA:30,1
DA:31,0
DA:34,1
DA:35,0
DA:37,0
DA:38,0
DA:39,0
DA:41,0
DA:43,0
DA:44,0
DA:45,0
DA:47,0
DA:48,0
DA:50,0
DA:53,1
DA:54,0
DA:57,1
DA:58,0
DA:61,1
DA:62,0
DA:65,1
LF:31
LH:12
BRDA:36,0,0,0
BRDA:36,0,1,0
BRDA:36,0,2,0
BRDA:38,1,0,0
BRDA:38,1,1,0
BRDA:44,2,0,0
BRDA:44,2,1,0
BRF:7
BRH:0
end_of_record
TN:
SF:/Users/user/Віка/Projects/socio-local-web/src/app/dashboard/performance/performance-modal-dropdown/performance-modal-dropdown.component.ts
FN:8,(anonymous_2)
FN:3,PerformanceModalDropdownComponent
FN:12,(anonymous_4)
FNF:3
FNH:1
FNDA:1,(anonymous_2)
FNDA:0,PerformanceModalDropdownComponent
FNDA:0,(anonymous_4)
DA:1,1
DA:2,1
DA:8,1
DA:9,1
DA:10,0
DA:12,1
DA:13,0
DA:16,1
LF:8
LH:6
BRF:0
BRH:0
end_of_record
TN:
SF:/Users/user/Віка/Projects/socio-local-web/src/app/dashboard/performance/performance-modal-filter/performance-modal-filter.component.ts
FN:9,(anonymous_2)
FN:4,PerformanceModalFilterComponent
FN:15,(anonymous_4)
FN:20,(anonymous_5)
FN:25,(anonymous_6)
FNF:5
FNH:1
FNDA:1,(anonymous_2)
FNDA:0,PerformanceModalFilterComponent
FNDA:0,(anonymous_4)
FNDA:0,(anonymous_5)
FNDA:0,(anonymous_6)
DA:1,1
DA:2,1
DA:9,1
DA:10,1
DA:11,1
DA:13,0
DA:15,1
DA:16,0
DA:17,0
DA:20,1
DA:21,0
DA:22,0
DA:25,1
DA:26,0
DA:27,0
DA:30,1
LF:16
LH:9
BRF:0
BRH:0
end_of_record
TN:
SF:/Users/user/Віка/Projects/socio-local-web/src/app/dashboard/performance/performance-modal-header/performance-modal-header.component.ts
FN:8,(anonymous_2)
FN:3,PerformanceModalHeaderComponent
FN:12,(anonymous_4)
FNF:3
FNH:1
FNDA:1,(anonymous_2)
FNDA:0,PerformanceModalHeaderComponent
FNDA:0,(anonymous_4)
DA:1,1
DA:8,1
DA:9,1
DA:10,1
DA:12,1
DA:13,0
DA:16,1
LF:7
LH:6
BRF:0
BRH:0
end_of_record
TN:
SF:/Users/user/Віка/Projects/socio-local-web/src/app/dashboard/performance/performance-post/performance-post.component.ts
FN:10,(anonymous_2)
FN:17,PerformancePostComponent
FN:21,(anonymous_4)
FN:25,(anonymous_5)
FN:26,(anonymous_6)
FN:30,(anonymous_7)
FN:33,(anonymous_8)
FN:34,(anonymous_9)
FN:38,(anonymous_10)
FN:41,(anonymous_11)
FN:49,(anonymous_12)
FN:50,(anonymous_13)
FN:54,(anonymous_14)
FN:57,(anonymous_15)
FN:58,(anonymous_16)
FN:62,(anonymous_17)
FN:65,(anonymous_18)
FN:66,(anonymous_19)
FN:70,(anonymous_20)
FNF:19
FNH:1
FNDA:1,(anonymous_2)
FNDA:0,PerformancePostComponent
FNDA:0,(anonymous_4)
FNDA:0,(anonymous_5)
FNDA:0,(anonymous_6)
FNDA:0,(anonymous_7)
FNDA:0,(anonymous_8)
FNDA:0,(anonymous_9)
FNDA:0,(anonymous_10)
FNDA:0,(anonymous_11)
FNDA:0,(anonymous_12)
FNDA:0,(anonymous_13)
FNDA:0,(anonymous_14)
FNDA:0,(anonymous_15)
FNDA:0,(anonymous_16)
FNDA:0,(anonymous_17)
FNDA:0,(anonymous_18)
FNDA:0,(anonymous_19)
FNDA:0,(anonymous_20)
DA:1,1
DA:2,1
DA:3,1
DA:10,1
DA:11,1
DA:18,0
DA:21,1
DA:22,0
DA:25,1
DA:26,0
DA:27,0
DA:28,0
DA:30,0
DA:33,1
DA:34,0
DA:35,0
DA:36,0
DA:38,0
DA:41,1
DA:42,0
DA:43,0
DA:44,0
DA:45,0
DA:46,0
DA:49,1
DA:50,0
DA:51,0
DA:52,0
DA:54,0
DA:57,1
DA:58,0
DA:59,0
DA:60,0
DA:62,0
DA:65,1
DA:66,0
DA:67,0
DA:68,0
DA:70,0
DA:74,1
LF:40
LH:13
BRDA:27,0,0,0
BRDA:27,0,1,0
BRDA:35,1,0,0
BRDA:35,1,1,0
BRDA:51,2,0,0
BRDA:51,2,1,0
BRDA:59,3,0,0
BRDA:59,3,1,0
BRDA:67,4,0,0
BRDA:67,4,1,0
BRF:10
BRH:0
end_of_record
TN:
SF:/Users/user/Віка/Projects/socio-local-web/src/app/dashboard/performance/performance-title/performance-title.component.ts
FN:8,(anonymous_2)
FN:11,PerformanceTitleComponent
FN:13,(anonymous_4)
FNF:3
FNH:1
FNDA:1,(anonymous_2)
FNDA:0,PerformanceTitleComponent
FNDA:0,(anonymous_4)
DA:1,1
DA:8,1
DA:9,1
DA:13,1
DA:16,1
LF:5
LH:5
BRF:0
BRH:0
end_of_record
TN:
SF:/Users/user/Віка/Projects/socio-local-web/src/app/dashboard/performance/small-chart/small-chart.component.ts
FN:11,(anonymous_2)
FN:27,SmallChartComponent
FN:29,(anonymous_4)
FN:32,(anonymous_5)
FN:39,(anonymous_6)
FN:46,(anonymous_7)
FN:64,(anonymous_8)
FN:71,(anonymous_9)
FN:75,(anonymous_10)
FN:76,(anonymous_11)
FN:77,(anonymous_12)
FN:78,(anonymous_13)
FN:83,(anonymous_14)
FN:91,(anonymous_15)
FN:95,(anonymous_16)
FN:104,(anonymous_17)
FN:113,(anonymous_18)
FN:119,(anonymous_19)
FN:120,(anonymous_20)
FN:124,(anonymous_21)
FN:128,(anonymous_22)
FN:131,(anonymous_23)
FN:135,(anonymous_24)
FN:148,(anonymous_25)
FN:195,(anonymous_26)
FN:198,(anonymous_27)
FNF:26
FNH:1
FNDA:1,(anonymous_2)
FNDA:0,SmallChartComponent
FNDA:0,(anonymous_4)
FNDA:0,(anonymous_5)
FNDA:0,(anonymous_6)
FNDA:0,(anonymous_7)
FNDA:0,(anonymous_8)
FNDA:0,(anonymous_9)
FNDA:0,(anonymous_10)
FNDA:0,(anonymous_11)
FNDA:0,(anonymous_12)
FNDA:0,(anonymous_13)
FNDA:0,(anonymous_14)
FNDA:0,(anonymous_15)
FNDA:0,(anonymous_16)
FNDA:0,(anonymous_17)
FNDA:0,(anonymous_18)
FNDA:0,(anonymous_19)
FNDA:0,(anonymous_20)
FNDA:0,(anonymous_21)
FNDA:0,(anonymous_22)
FNDA:0,(anonymous_23)
FNDA:0,(anonymous_24)
FNDA:0,(anonymous_25)
FNDA:0,(anonymous_26)
FNDA:0,(anonymous_27)
DA:1,1
DA:2,1
DA:3,1
DA:4,1
DA:11,1
DA:12,1
DA:13,1
DA:15,0
DA:16,0
DA:17,0
DA:18,0
DA:21,0
DA:22,0
DA:23,0
DA:24,0
DA:25,0
DA:29,1
DA:32,1
DA:33,0
DA:34,0
DA:35,0
DA:39,1
DA:40,0
DA:41,0
DA:42,0
DA:46,1
DA:47,0
DA:48,0
DA:49,0
DA:50,0
DA:51,0
DA:52,0
DA:53,0
DA:54,0
DA:55,0
DA:56,0
DA:58,0
DA:59,0
DA:60,0
DA:64,1
DA:65,0
DA:66,0
DA:67,0
DA:68,0
DA:71,1
DA:72,0
DA:75,1
DA:76,0
DA:77,0
DA:78,0
DA:79,0
DA:80,0
DA:83,1
DA:84,0
DA:85,0
DA:87,0
DA:91,1
DA:92,0
DA:95,1
DA:96,0
DA:97,0
DA:98,0
DA:99,0
DA:100,0
DA:101,0
DA:104,1
DA:105,0
DA:106,0
DA:107,0
DA:108,0
DA:109,0
DA:110,0
DA:113,1
DA:114,0
DA:115,0
DA:116,0
DA:119,1
DA:120,0
DA:121,0
DA:124,1
DA:125,0
DA:128,1
DA:129,0
DA:130,0
DA:132,0
DA:133,0
DA:134,0
DA:135,0
DA:136,0
DA:137,0
DA:138,0
DA:139,0
DA:140,0
DA:141,0
DA:142,0
DA:148,1
DA:149,0
DA:196,0
DA:199,0
DA:200,0
DA:201,0
DA:203,0
DA:204,0
DA:214,1
LF:104
LH:24
BRDA:34,0,0,0
BRDA:34,0,1,0
BRDA:41,1,0,0
BRDA:41,1,1,0
BRDA:59,2,0,0
BRDA:59,2,1,0
BRDA:72,3,0,0
BRDA:72,3,1,0
BRDA:84,4,0,0
BRDA:84,4,1,0
BRDA:125,5,0,0
BRDA:125,5,1,0
BRDA:199,6,0,0
BRDA:199,6,1,0
BRDA:200,7,0,0
BRDA:200,7,1,0
BRF:16
BRH:0
end_of_record
TN:
SF:/Users/user/Віка/Projects/socio-local-web/src/app/dashboard/performance/social-media/social-media.component.ts
FN:11,(anonymous_2)
FN:19,SocialMediaComponent
FN:21,(anonymous_4)
FN:25,(anonymous_5)
FN:31,(anonymous_6)
FN:37,(anonymous_7)
FN:38,(anonymous_8)
FN:52,(anonymous_9)
FN:53,(anonymous_10)
FN:55,(anonymous_11)
FN:63,(anonymous_12)
FN:67,(anonymous_13)
FN:74,(anonymous_14)
FN:86,(anonymous_15)
FN:95,(anonymous_16)
FN:103,(anonymous_17)
FN:107,(anonymous_18)
FN:111,(anonymous_19)
FN:115,(anonymous_20)
FN:119,(anonymous_21)
FN:128,(anonymous_22)
FNF:21
FNH:1
FNDA:1,(anonymous_2)
FNDA:0,SocialMediaComponent
FNDA:0,(anonymous_4)
FNDA:0,(anonymous_5)
FNDA:0,(anonymous_6)
FNDA:0,(anonymous_7)
FNDA:0,(anonymous_8)
FNDA:0,(anonymous_9)
FNDA:0,(anonymous_10)
FNDA:0,(anonymous_11)
FNDA:0,(anonymous_12)
FNDA:0,(anonymous_13)
FNDA:0,(anonymous_14)
FNDA:0,(anonymous_15)
FNDA:0,(anonymous_16)
FNDA:0,(anonymous_17)
FNDA:0,(anonymous_18)
FNDA:0,(anonymous_19)
FNDA:0,(anonymous_20)
FNDA:0,(anonymous_21)
FNDA:0,(anonymous_22)
DA:1,1
DA:2,1
DA:3,1
DA:11,1
DA:12,1
DA:13,1
DA:14,1
DA:15,0
DA:16,0
DA:17,0
DA:21,1
DA:25,1
DA:26,0
DA:27,0
DA:31,1
DA:32,0
DA:33,0
DA:37,1
DA:38,0
DA:39,0
DA:40,0
DA:42,0
DA:43,0
DA:44,0
DA:46,0
DA:47,0
DA:48,0
DA:52,1
DA:53,0
DA:54,0
DA:55,0
DA:56,0
DA:58,0
DA:59,0
DA:63,1
DA:64,0
DA:67,1
DA:68,0
DA:69,0
DA:70,0
DA:71,0
DA:74,1
DA:75,0
DA:76,0
DA:77,0
DA:78,0
DA:79,0
DA:80,0
DA:82,0
DA:86,1
DA:87,0
DA:88,0
DA:89,0
DA:90,0
DA:95,1
DA:96,0
DA:97,0
DA:98,0
DA:99,0
DA:103,1
DA:104,0
DA:107,1
DA:108,0
DA:111,1
DA:112,0
DA:115,1
DA:116,0
DA:119,1
DA:120,0
DA:121,0
DA:123,0
DA:124,0
DA:128,1
DA:129,0
DA:132,1
LF:75
LH:24
BRDA:26,0,0,0
BRDA:26,0,1,0
BRDA:26,1,0,0
BRDA:26,1,1,0
BRDA:26,1,2,0
BRDA:32,2,0,0
BRDA:32,2,1,0
BRDA:42,3,0,0
BRDA:42,3,1,0
BRDA:43,4,0,0
BRDA:43,4,1,0
BRDA:46,5,0,0
BRDA:46,5,1,0
BRDA:54,6,0,0
BRDA:54,6,1,0
BRDA:56,7,0,0
BRDA:56,7,1,0
BRDA:68,8,0,0
BRDA:68,8,1,0
BRDA:69,9,0,0
BRDA:69,9,1,0
BRDA:77,10,0,0
BRDA:77,10,1,0
BRDA:77,11,0,0
BRDA:77,11,1,0
BRDA:79,12,0,0
BRDA:79,12,1,0
BRDA:88,13,0,0
BRDA:88,13,1,0
BRDA:88,13,2,0
BRDA:97,14,0,0
BRDA:97,14,1,0
BRDA:97,14,2,0
BRDA:120,15,0,0
BRDA:120,15,1,0
BRDA:123,16,0,0
BRDA:123,16,1,0
BRF:37
BRH:0
end_of_record
TN:
SF:/Users/user/Віка/Projects/socio-local-web/src/app/dashboard/performance/social-media/reach-chart/reach-chart.component.ts
FN:8,(anonymous_2)
FN:13,ReachChartComponent
FN:15,(anonymous_4)
FN:18,(anonymous_5)
FN:25,(anonymous_6)
FN:29,(anonymous_7)
FN:33,(anonymous_8)
FN:37,(anonymous_9)
FN:41,(anonymous_10)
FN:45,(anonymous_11)
FN:49,(anonymous_12)
FN:57,(anonymous_13)
FNF:12
FNH:1
FNDA:1,(anonymous_2)
FNDA:0,ReachChartComponent
FNDA:0,(anonymous_4)
FNDA:0,(anonymous_5)
FNDA:0,(anonymous_6)
FNDA:0,(anonymous_7)
FNDA:0,(anonymous_8)
FNDA:0,(anonymous_9)
FNDA:0,(anonymous_10)
FNDA:0,(anonymous_11)
FNDA:0,(anonymous_12)
FNDA:0,(anonymous_13)
DA:1,1
DA:8,1
DA:10,1
DA:15,1
DA:18,1
DA:19,0
DA:20,0
DA:22,0
DA:25,1
DA:26,0
DA:29,1
DA:30,0
DA:33,1
DA:34,0
DA:37,1
DA:38,0
DA:41,1
DA:42,0
DA:45,1
DA:46,0
DA:49,1
DA:50,0
DA:57,1
DA:58,0
DA:65,1
LF:25
LH:14
BRDA:19,0,0,0
BRDA:19,0,1,0
BRDA:30,1,0,0
BRDA:30,1,1,0
BRDA:34,2,0,0
BRDA:34,2,1,0
BRDA:42,3,0,0
BRDA:42,3,1,0
BRDA:46,4,0,0
BRDA:46,4,1,0
BRF:10
BRH:0
end_of_record
TN:
SF:/Users/user/Віка/Projects/socio-local-web/src/app/dashboard/right-sidebar/right-sidebar.component.ts
FN:8,(anonymous_2)
FN:12,RightSidebarComponent
FN:14,(anonymous_4)
FNF:3
FNH:1
FNDA:1,(anonymous_2)
FNDA:0,RightSidebarComponent
FNDA:0,(anonymous_4)
DA:1,1
DA:8,1
DA:9,1
DA:10,1
DA:14,1
DA:17,1
LF:6
LH:6
BRF:0
BRH:0
end_of_record
TN:
SF:/Users/user/Віка/Projects/socio-local-web/src/app/dashboard/right-sidebar/chats/chat.constants.ts
FNF:0
FNH:0
DA:1,1
LF:1
LH:1
BRF:0
BRH:0
end_of_record
TN:
SF:/Users/user/Віка/Projects/socio-local-web/src/app/dashboard/right-sidebar/chats/chats.component.ts
FN:15,(anonymous_2)
FN:28,ChatsComponent
FN:34,(anonymous_4)
FN:40,(anonymous_5)
FN:42,(anonymous_6)
FN:43,(anonymous_7)
FN:45,(anonymous_8)
FN:46,(anonymous_9)
FN:57,(anonymous_10)
FN:61,(anonymous_11)
FN:63,(anonymous_12)
FN:64,(anonymous_13)
FN:73,(anonymous_14)
FN:75,(anonymous_15)
FN:76,(anonymous_16)
FN:83,(anonymous_17)
FN:89,(anonymous_18)
FN:90,(anonymous_19)
FN:93,(anonymous_20)
FN:104,(anonymous_21)
FN:109,(anonymous_22)
FN:110,(anonymous_23)
FN:113,(anonymous_24)
FN:115,(anonymous_25)
FN:122,(anonymous_26)
FN:127,(anonymous_27)
FN:131,(anonymous_28)
FN:136,(anonymous_29)
FN:140,(anonymous_30)
FN:144,(anonymous_31)
FN:151,(anonymous_32)
FN:156,(anonymous_33)
FN:162,(anonymous_34)
FN:166,(anonymous_35)
FN:170,(anonymous_36)
FN:171,(anonymous_37)
FN:174,(anonymous_38)
FN:175,(anonymous_39)
FN:178,(anonymous_40)
FN:179,(anonymous_41)
FN:183,(anonymous_42)
FN:184,(anonymous_43)
FN:188,(anonymous_44)
FN:189,(anonymous_45)
FN:193,(anonymous_46)
FN:194,(anonymous_47)
FN:202,(anonymous_48)
FN:203,(anonymous_49)
FN:206,(anonymous_50)
FN:210,(anonymous_51)
FN:214,(anonymous_52)
FN:218,(anonymous_53)
FNF:52
FNH:1
FNDA:1,(anonymous_2)
FNDA:0,ChatsComponent
FNDA:0,(anonymous_4)
FNDA:0,(anonymous_5)
FNDA:0,(anonymous_6)
FNDA:0,(anonymous_7)
FNDA:0,(anonymous_8)
FNDA:0,(anonymous_9)
FNDA:0,(anonymous_10)
FNDA:0,(anonymous_11)
FNDA:0,(anonymous_12)
FNDA:0,(anonymous_13)
FNDA:0,(anonymous_14)
FNDA:0,(anonymous_15)
FNDA:0,(anonymous_16)
FNDA:0,(anonymous_17)
FNDA:0,(anonymous_18)
FNDA:0,(anonymous_19)
FNDA:0,(anonymous_20)
FNDA:0,(anonymous_21)
FNDA:0,(anonymous_22)
FNDA:0,(anonymous_23)
FNDA:0,(anonymous_24)
FNDA:0,(anonymous_25)
FNDA:0,(anonymous_26)
FNDA:0,(anonymous_27)
FNDA:0,(anonymous_28)
FNDA:0,(anonymous_29)
FNDA:0,(anonymous_30)
FNDA:0,(anonymous_31)
FNDA:0,(anonymous_32)
FNDA:0,(anonymous_33)
FNDA:0,(anonymous_34)
FNDA:0,(anonymous_35)
FNDA:0,(anonymous_36)
FNDA:0,(anonymous_37)
FNDA:0,(anonymous_38)
FNDA:0,(anonymous_39)
FNDA:0,(anonymous_40)
FNDA:0,(anonymous_41)
FNDA:0,(anonymous_42)
FNDA:0,(anonymous_43)
FNDA:0,(anonymous_44)
FNDA:0,(anonymous_45)
FNDA:0,(anonymous_46)
FNDA:0,(anonymous_47)
FNDA:0,(anonymous_48)
FNDA:0,(anonymous_49)
FNDA:0,(anonymous_50)
FNDA:0,(anonymous_51)
FNDA:0,(anonymous_52)
FNDA:0,(anonymous_53)
DA:1,1
DA:2,1
DA:3,1
DA:4,1
DA:5,1
DA:6,1
DA:7,1
DA:15,1
DA:16,1
DA:17,1
DA:18,1
DA:19,0
DA:20,0
DA:22,0
DA:25,0
DA:29,0
DA:30,0
DA:31,0
DA:34,1
DA:35,0
DA:36,0
DA:37,0
DA:40,1
DA:41,0
DA:42,0
DA:44,0
DA:45,0
DA:47,0
DA:48,0
DA:49,0
DA:51,0
DA:57,1
DA:58,0
DA:61,1
DA:62,0
DA:63,0
DA:65,0
DA:66,0
DA:67,0
DA:68,0
DA:69,0
DA:73,1
DA:74,0
DA:75,0
DA:77,0
DA:84,0
DA:89,1
DA:90,0
DA:93,1
DA:94,0
DA:95,0
DA:96,0
DA:97,0
DA:98,0
DA:99,0
DA:100,0
DA:104,1
DA:105,0
DA:106,0
DA:108,0
DA:109,0
DA:111,0
DA:113,0
DA:116,0
DA:122,1
DA:123,0
DA:124,0
DA:127,1
DA:128,0
DA:129,0
DA:131,0
DA:132,0
DA:133,0
DA:136,1
DA:137,0
DA:140,1
DA:141,0
DA:144,1
DA:145,0
DA:146,0
DA:148,0
DA:151,1
DA:152,0
DA:153,0
DA:156,1
DA:157,0
DA:158,0
DA:162,1
DA:163,0
DA:166,1
DA:167,0
DA:170,1
DA:171,0
DA:174,1
DA:175,0
DA:178,1
DA:179,0
DA:180,0
DA:183,1
DA:184,0
DA:185,0
DA:188,1
DA:189,0
DA:190,0
DA:193,1
DA:194,0
DA:195,0
DA:196,0
DA:197,0
DA:199,0
DA:202,1
DA:203,0
DA:206,1
DA:207,0
DA:210,1
DA:211,0
DA:214,1
DA:215,0
DA:216,0
DA:218,0
DA:219,0
DA:221,1
LF:122
LH:39
BRDA:47,0,0,0
BRDA:47,0,1,0
BRDA:47,1,0,0
BRDA:47,1,1,0
BRDA:67,2,0,0
BRDA:67,2,1,0
BRDA:99,3,0,0
BRDA:99,3,1,0
BRDA:99,4,0,0
BRDA:99,4,1,0
BRDA:105,5,0,0
BRDA:105,5,1,0
BRDA:113,6,0,0
BRDA:113,6,1,0
BRDA:128,7,0,0
BRDA:128,7,1,0
BRDA:145,8,0,0
BRDA:145,8,1,0
BRDA:163,9,0,0
BRDA:163,9,1,0
BRDA:179,10,0,0
BRDA:179,10,1,0
BRDA:184,11,0,0
BRDA:184,11,1,0
BRDA:184,11,2,0
BRDA:189,12,0,0
BRDA:189,12,1,0
BRDA:203,13,0,0
BRDA:203,13,1,0
BRDA:215,14,0,0
BRDA:215,14,1,0
BRF:31
BRH:0
end_of_record
TN:
SF:/Users/user/Віка/Projects/socio-local-web/src/app/dashboard/right-sidebar/chats/chat-body/chat-body.component.ts
FN:14,(anonymous_2)
FN:30,ChatBodyComponent
FN:35,(anonymous_4)
FN:40,(anonymous_5)
FN:46,(anonymous_6)
FN:53,(anonymous_7)
FN:57,(anonymous_8)
FN:61,(anonymous_9)
FN:65,(anonymous_10)
FN:68,(anonymous_11)
FN:74,(anonymous_12)
FN:79,(anonymous_13)
FN:89,(anonymous_14)
FN:95,(anonymous_15)
FN:99,(anonymous_16)
FN:100,(anonymous_17)
FN:103,(anonymous_18)
FN:107,(anonymous_19)
FN:111,(anonymous_20)
FN:115,(anonymous_21)
FN:123,(anonymous_22)
FN:131,(anonymous_23)
FN:133,(anonymous_24)
FN:134,(anonymous_25)
FN:140,(anonymous_26)
FN:141,(anonymous_27)
FN:149,(anonymous_28)
FNF:27
FNH:1
FNDA:1,(anonymous_2)
FNDA:0,ChatBodyComponent
FNDA:0,(anonymous_4)
FNDA:0,(anonymous_5)
FNDA:0,(anonymous_6)
FNDA:0,(anonymous_7)
FNDA:0,(anonymous_8)
FNDA:0,(anonymous_9)
FNDA:0,(anonymous_10)
FNDA:0,(anonymous_11)
FNDA:0,(anonymous_12)
FNDA:0,(anonymous_13)
FNDA:0,(anonymous_14)
FNDA:0,(anonymous_15)
FNDA:0,(anonymous_16)
FNDA:0,(anonymous_17)
FNDA:0,(anonymous_18)
FNDA:0,(anonymous_19)
FNDA:0,(anonymous_20)
FNDA:0,(anonymous_21)
FNDA:0,(anonymous_22)
FNDA:0,(anonymous_23)
FNDA:0,(anonymous_24)
FNDA:0,(anonymous_25)
FNDA:0,(anonymous_26)
FNDA:0,(anonymous_27)
FNDA:0,(anonymous_28)
DA:1,1
DA:2,1
DA:3,1
DA:4,1
DA:5,1
DA:6,1
DA:14,1
DA:16,0
DA:19,0
DA:21,0
DA:23,1
DA:24,1
DA:25,1
DA:26,1
DA:28,0
DA:31,0
DA:32,0
DA:33,0
DA:35,1
DA:36,0
DA:37,0
DA:40,1
DA:41,0
DA:42,0
DA:46,1
DA:47,0
DA:48,0
DA:49,0
DA:50,0
DA:53,1
DA:54,0
DA:57,1
DA:58,0
DA:61,1
DA:62,0
DA:63,0
DA:66,0
DA:68,0
DA:73,0
DA:75,0
DA:78,0
DA:80,0
DA:81,0
DA:82,0
DA:83,0
DA:84,0
DA:89,1
DA:90,0
DA:91,0
DA:92,0
DA:95,1
DA:96,0
DA:99,1
DA:100,0
DA:103,1
DA:104,0
DA:107,1
DA:108,0
DA:111,1
DA:112,0
DA:115,1
DA:116,0
DA:117,0
DA:119,0
DA:120,0
DA:123,1
DA:124,0
DA:125,0
DA:126,0
DA:127,0
DA:131,1
DA:132,0
DA:133,0
DA:135,0
DA:140,1
DA:141,0
DA:142,0
DA:143,0
DA:145,0
DA:149,1
DA:150,0
DA:152,1
LF:82
LH:29
BRDA:41,0,0,0
BRDA:41,0,1,0
BRDA:83,1,0,0
BRDA:83,1,1,0
BRDA:83,2,0,0
BRDA:83,2,1,0
BRDA:112,3,0,0
BRDA:112,3,1,0
BRDA:116,4,0,0
BRDA:116,4,1,0
BRDA:124,5,0,0
BRDA:124,5,1,0
BRDA:143,6,0,0
BRDA:143,6,1,0
BRDA:145,7,0,0
BRDA:145,7,1,0
BRF:16
BRH:0
end_of_record
TN:
SF:/Users/user/Віка/Projects/socio-local-web/src/app/dashboard/right-sidebar/chats/chat-item/chat-item.component.ts
FN:11,(anonymous_2)
FN:16,ChatItemComponent
FN:20,(anonymous_4)
FN:23,(anonymous_5)
FN:32,(anonymous_6)
FN:38,(anonymous_7)
FN:40,(anonymous_8)
FN:43,(anonymous_9)
FN:44,(anonymous_10)
FN:48,(anonymous_11)
FN:52,(anonymous_12)
FN:59,(anonymous_13)
FNF:12
FNH:1
FNDA:1,(anonymous_2)
FNDA:0,ChatItemComponent
FNDA:0,(anonymous_4)
FNDA:0,(anonymous_5)
FNDA:0,(anonymous_6)
FNDA:0,(anonymous_7)
FNDA:0,(anonymous_8)
FNDA:0,(anonymous_9)
FNDA:0,(anonymous_10)
FNDA:0,(anonymous_11)
FNDA:0,(anonymous_12)
FNDA:0,(anonymous_13)
DA:1,1
DA:2,1
DA:3,1
DA:4,1
DA:11,1
DA:13,1
DA:14,1
DA:17,0
DA:18,0
DA:20,1
DA:23,1
DA:24,0
DA:25,0
DA:26,0
DA:28,0
DA:32,1
DA:33,0
DA:34,0
DA:35,0
DA:38,1
DA:39,0
DA:40,0
DA:43,1
DA:44,0
DA:45,0
DA:48,1
DA:49,0
DA:52,1
DA:53,0
DA:54,0
DA:55,0
DA:56,0
DA:59,1
DA:60,0
DA:61,0
DA:63,0
DA:66,1
LF:37
LH:16
BRDA:25,0,0,0
BRDA:25,0,1,0
BRDA:26,1,0,0
BRDA:26,1,1,0
BRDA:35,2,0,0
BRDA:35,2,1,0
BRDA:39,3,0,0
BRDA:39,3,1,0
BRDA:45,4,0,0
BRDA:45,4,1,0
BRDA:60,5,0,0
BRDA:60,5,1,0
BRDA:60,6,0,0
BRDA:60,6,1,0
BRDA:60,6,2,0
BRF:15
BRH:0
end_of_record
TN:
SF:/Users/user/Віка/Projects/socio-local-web/src/app/dashboard/right-sidebar/chats/chat-toast/chat-toast.component.ts
FN:9,(anonymous_2)
FN:13,ChatToastComponent
FN:15,(anonymous_4)
FN:19,(anonymous_5)
FN:21,(anonymous_6)
FN:22,(anonymous_7)
FNF:6
FNH:1
FNDA:1,(anonymous_2)
FNDA:0,ChatToastComponent
FNDA:0,(anonymous_4)
FNDA:0,(anonymous_5)
FNDA:0,(anonymous_6)
FNDA:0,(anonymous_7)
DA:1,1
DA:2,1
DA:9,1
DA:11,1
DA:12,1
DA:13,0
DA:15,1
DA:16,0
DA:19,1
DA:20,0
DA:21,0
DA:23,0
DA:27,1
LF:13
LH:8
BRF:0
BRH:0
end_of_record
TN:
SF:/Users/user/Віка/Projects/socio-local-web/src/app/dashboard/schedule/schedule.component.ts
FN:20,(anonymous_2)
FN:41,ScheduleComponent
FN:51,(anonymous_4)
FN:57,(anonymous_5)
FN:59,(anonymous_6)
FN:66,(anonymous_7)
FN:73,(anonymous_8)
FN:84,(anonymous_9)
FN:86,(anonymous_10)
FN:87,(anonymous_11)
FN:90,(anonymous_12)
FN:97,(anonymous_13)
FN:99,(anonymous_14)
FN:100,(anonymous_15)
FN:101,(anonymous_16)
FN:106,(anonymous_17)
FN:114,(anonymous_18)
FN:125,(anonymous_19)
FN:130,(anonymous_20)
FN:134,(anonymous_21)
FN:139,(anonymous_22)
FN:143,(anonymous_23)
FN:147,(anonymous_24)
FN:154,(anonymous_25)
FN:158,(anonymous_26)
FN:162,(anonymous_27)
FN:166,(anonymous_28)
FN:171,(anonymous_29)
FN:172,(anonymous_30)
FNF:29
FNH:1
FNDA:1,(anonymous_2)
FNDA:0,ScheduleComponent
FNDA:0,(anonymous_4)
FNDA:0,(anonymous_5)
FNDA:0,(anonymous_6)
FNDA:0,(anonymous_7)
FNDA:0,(anonymous_8)
FNDA:0,(anonymous_9)
FNDA:0,(anonymous_10)
FNDA:0,(anonymous_11)
FNDA:0,(anonymous_12)
FNDA:0,(anonymous_13)
FNDA:0,(anonymous_14)
FNDA:0,(anonymous_15)
FNDA:0,(anonymous_16)
FNDA:0,(anonymous_17)
FNDA:0,(anonymous_18)
FNDA:0,(anonymous_19)
FNDA:0,(anonymous_20)
FNDA:0,(anonymous_21)
FNDA:0,(anonymous_22)
FNDA:0,(anonymous_23)
FNDA:0,(anonymous_24)
FNDA:0,(anonymous_25)
FNDA:0,(anonymous_26)
FNDA:0,(anonymous_27)
FNDA:0,(anonymous_28)
FNDA:0,(anonymous_29)
FNDA:0,(anonymous_30)
DA:1,1
DA:2,1
DA:3,1
DA:4,1
DA:5,1
DA:6,1
DA:7,1
DA:9,1
DA:10,1
DA:11,1
DA:20,1
DA:21,0
DA:30,0
DA:31,0
DA:32,0
DA:38,0
DA:42,0
DA:43,0
DA:44,0
DA:45,0
DA:46,0
DA:47,0
DA:48,0
DA:51,1
DA:52,0
DA:53,0
DA:54,0
DA:57,1
DA:58,0
DA:59,0
DA:61,0
DA:62,0
DA:66,1
DA:67,0
DA:68,0
DA:69,0
DA:70,0
DA:73,1
DA:74,0
DA:79,0
DA:84,1
DA:85,0
DA:86,0
DA:88,0
DA:89,0
DA:90,0
DA:91,0
DA:93,0
DA:97,1
DA:98,0
DA:99,0
DA:101,0
DA:102,0
DA:106,1
DA:107,0
DA:108,0
DA:110,0
DA:111,0
DA:112,0
DA:113,0
DA:115,0
DA:116,0
DA:117,0
DA:119,0
DA:125,1
DA:126,0
DA:131,0
DA:134,1
DA:135,0
DA:140,0
DA:143,1
DA:144,0
DA:147,1
DA:148,0
DA:149,0
DA:150,0
DA:151,0
DA:154,1
DA:155,0
DA:158,1
DA:159,0
DA:162,1
DA:163,0
DA:166,1
DA:167,0
DA:168,0
DA:171,1
DA:172,0
DA:173,0
DA:176,1
LF:90
LH:28
BRDA:58,0,0,0
BRDA:58,0,1,0
BRDA:61,1,0,0
BRDA:61,1,1,0
BRDA:93,2,0,0
BRDA:93,2,1,0
BRDA:101,3,0,0
BRDA:101,3,1,0
BRDA:107,4,0,0
BRDA:107,4,1,0
BRDA:115,5,0,0
BRDA:115,5,1,0
BRDA:159,6,0,0
BRDA:159,6,1,0
BRDA:163,7,0,0
BRDA:163,7,1,0
BRF:16
BRH:0
end_of_record
TN:
SF:/Users/user/Віка/Projects/socio-local-web/src/app/settings/settings.component.ts
FN:13,(anonymous_2)
FN:15,SettingsComponent
FN:19,(anonymous_4)
FNF:3
FNH:1
FNDA:1,(anonymous_2)
FNDA:0,SettingsComponent
FNDA:0,(anonymous_4)
DA:1,1
DA:3,1
DA:4,1
DA:5,1
DA:13,1
DA:16,0
DA:17,0
DA:19,1
DA:20,0
DA:21,0
DA:23,1
LF:11
LH:7
BRF:0
BRH:0
end_of_record
TN:
SF:/Users/user/Віка/Projects/socio-local-web/src/app/settings/change-password/change-password.component.ts
FN:14,(anonymous_2)
FN:19,ChangePasswordComponent
FN:26,(anonymous_4)
FN:30,(anonymous_5)
FN:34,(anonymous_6)
FN:39,(anonymous_7)
FN:47,(anonymous_8)
FN:55,(anonymous_9)
FN:61,(anonymous_10)
FN:65,(anonymous_11)
FN:73,(anonymous_12)
FN:77,(anonymous_13)
FN:81,(anonymous_14)
FNF:13
FNH:1
FNDA:1,(anonymous_2)
FNDA:0,ChangePasswordComponent
FNDA:0,(anonymous_4)
FNDA:0,(anonymous_5)
FNDA:0,(anonymous_6)
FNDA:0,(anonymous_7)
FNDA:0,(anonymous_8)
FNDA:0,(anonymous_9)
FNDA:0,(anonymous_10)
FNDA:0,(anonymous_11)
FNDA:0,(anonymous_12)
FNDA:0,(anonymous_13)
FNDA:0,(anonymous_14)
DA:1,1
DA:2,1
DA:4,1
DA:5,1
DA:6,1
DA:7,1
DA:14,1
DA:17,0
DA:20,0
DA:21,0
DA:22,0
DA:23,0
DA:24,0
DA:26,1
DA:27,0
DA:30,1
DA:31,0
DA:32,0
DA:33,0
DA:35,0
DA:36,0
DA:37,0
DA:40,0
DA:41,0
DA:47,1
DA:48,0
DA:55,1
DA:56,0
DA:57,0
DA:58,0
DA:61,1
DA:62,0
DA:65,1
DA:66,0
DA:73,1
DA:74,0
DA:77,1
DA:78,0
DA:81,1
DA:82,0
DA:85,1
LF:41
LH:17
BRDA:32,0,0,0
BRDA:32,0,1,0
BRDA:32,1,0,0
BRDA:32,1,1,0
BRDA:40,2,0,0
BRDA:40,2,1,0
BRDA:66,3,0,0
BRDA:66,3,1,0
BRDA:66,3,2,0
BRDA:66,3,3,0
BRDA:66,3,4,0
BRF:11
BRH:0
end_of_record
TN:
SF:/Users/user/Віка/Projects/socio-local-web/src/app/settings/personal-details/personal-details.component.ts
FN:15,(anonymous_2)
FN:21,PersonalDetailsComponent
FN:29,(anonymous_4)
FN:34,(anonymous_5)
FN:36,(anonymous_6)
FN:40,(anonymous_7)
FN:47,(anonymous_8)
FN:54,(anonymous_9)
FN:58,(anonymous_10)
FN:62,(anonymous_11)
FN:73,(anonymous_12)
FN:77,(anonymous_13)
FN:81,(anonymous_14)
FNF:13
FNH:1
FNDA:1,(anonymous_2)
FNDA:0,PersonalDetailsComponent
FNDA:0,(anonymous_4)
FNDA:0,(anonymous_5)
FNDA:0,(anonymous_6)
FNDA:0,(anonymous_7)
FNDA:0,(anonymous_8)
FNDA:0,(anonymous_9)
FNDA:0,(anonymous_10)
FNDA:0,(anonymous_11)
FNDA:0,(anonymous_12)
FNDA:0,(anonymous_13)
FNDA:0,(anonymous_14)
DA:1,1
DA:2,1
DA:4,1
DA:5,1
DA:6,1
DA:7,1
DA:8,1
DA:15,1
DA:22,0
DA:23,0
DA:24,0
DA:25,0
DA:26,0
DA:27,0
DA:29,1
DA:30,0
DA:31,0
DA:34,1
DA:35,0
DA:36,0
DA:40,1
DA:41,0
DA:47,1
DA:48,0
DA:54,1
DA:55,0
DA:56,0
DA:57,0
DA:59,0
DA:60,0
DA:64,0
DA:65,0
DA:66,0
DA:68,0
DA:73,1
DA:74,0
DA:77,1
DA:78,0
DA:81,1
DA:82,0
DA:85,1
LF:41
LH:17
BRDA:56,0,0,0
BRDA:56,0,1,0
BRDA:64,1,0,0
BRDA:64,1,1,0
BRDA:64,2,0,0
BRDA:64,2,1,0
BRF:6
BRH:0
end_of_record
TN:
SF:/Users/user/Віка/Projects/socio-local-web/src/app/settings/profile-photo/profile-photo.component.ts
FN:13,(anonymous_2)
FN:22,ProfilePhotoComponent
FN:28,(anonymous_4)
FN:30,(anonymous_5)
FN:31,(anonymous_6)
FN:36,(anonymous_7)
FN:42,(anonymous_8)
FN:46,(anonymous_9)
FN:50,(anonymous_10)
FN:54,(anonymous_11)
FN:64,(anonymous_12)
FN:72,(anonymous_13)
FN:79,(anonymous_14)
FN:81,(anonymous_15)
FN:87,(anonymous_16)
FN:92,(anonymous_17)
FN:95,(anonymous_18)
FN:99,(anonymous_19)
FN:103,(anonymous_20)
FNF:19
FNH:1
FNDA:1,(anonymous_2)
FNDA:0,ProfilePhotoComponent
FNDA:0,(anonymous_4)
FNDA:0,(anonymous_5)
FNDA:0,(anonymous_6)
FNDA:0,(anonymous_7)
FNDA:0,(anonymous_8)
FNDA:0,(anonymous_9)
FNDA:0,(anonymous_10)
FNDA:0,(anonymous_11)
FNDA:0,(anonymous_12)
FNDA:0,(anonymous_13)
FNDA:0,(anonymous_14)
FNDA:0,(anonymous_15)
FNDA:0,(anonymous_16)
FNDA:0,(anonymous_17)
FNDA:0,(anonymous_18)
FNDA:0,(anonymous_19)
FNDA:0,(anonymous_20)
DA:1,1
DA:3,1
DA:4,1
DA:5,1
DA:6,1
DA:13,1
DA:14,1
DA:16,0
DA:17,0
DA:23,0
DA:24,0
DA:25,0
DA:26,0
DA:28,1
DA:29,0
DA:30,0
DA:32,0
DA:36,1
DA:37,0
DA:42,1
DA:43,0
DA:46,1
DA:47,0
DA:50,1
DA:51,0
DA:54,1
DA:55,0
DA:56,0
DA:58,0
DA:59,0
DA:60,0
DA:61,0
DA:64,1
DA:65,0
DA:72,1
DA:73,0
DA:74,0
DA:75,0
DA:79,1
DA:80,0
DA:82,0
DA:83,0
DA:87,1
DA:88,0
DA:89,0
DA:92,1
DA:93,0
DA:94,0
DA:95,0
DA:96,0
DA:99,1
DA:100,0
DA:103,1
DA:104,0
DA:106,1
LF:55
LH:21
BRDA:38,0,0,0
BRDA:38,0,1,0
BRDA:43,1,0,0
BRDA:43,1,1,0
BRDA:43,1,2,0
BRDA:55,2,0,0
BRDA:55,2,1,0
BRF:7
BRH:0
end_of_record
TN:
SF:/Users/user/Віка/Projects/socio-local-web/src/app/shared/animations/fade-in.animation.ts
FNF:0
FNH:0
DA:1,1
DA:3,1
LF:2
LH:2
BRF:0
BRH:0
end_of_record
TN:
SF:/Users/user/Віка/Projects/socio-local-web/src/app/shared/components/avatar/avatar.component.ts
FN:8,(anonymous_2)
FN:11,AvatarComponent
FN:14,(anonymous_4)
FN:18,(anonymous_5)
FN:20,(anonymous_6)
FNF:5
FNH:1
FNDA:1,(anonymous_2)
FNDA:0,AvatarComponent
FNDA:0,(anonymous_4)
FNDA:0,(anonymous_5)
FNDA:0,(anonymous_6)
DA:1,1
DA:8,1
DA:9,1
DA:14,1
DA:15,0
DA:18,1
DA:20,1
DA:21,0
DA:24,1
LF:9
LH:7
BRF:0
BRH:0
end_of_record
TN:
SF:/Users/user/Віка/Projects/socio-local-web/src/app/shared/components/channels-filter/channels-filter.component.ts
FN:8,(anonymous_2)
FN:3,ChannelsFilterComponent
FN:13,(anonymous_4)
FN:14,(anonymous_5)
FN:17,(anonymous_6)
FN:18,(anonymous_7)
FN:22,(anonymous_8)
FN:23,(anonymous_9)
FN:26,(anonymous_10)
FN:31,(anonymous_11)
FNF:10
FNH:1
FNDA:1,(anonymous_2)
FNDA:0,ChannelsFilterComponent
FNDA:0,(anonymous_4)
FNDA:0,(anonymous_5)
FNDA:0,(anonymous_6)
FNDA:0,(anonymous_7)
FNDA:0,(anonymous_8)
FNDA:0,(anonymous_9)
FNDA:0,(anonymous_10)
FNDA:0,(anonymous_11)
DA:1,1
DA:8,1
DA:9,1
DA:10,1
DA:11,1
DA:13,1
DA:14,0
DA:18,0
DA:19,0
DA:22,1
DA:23,0
DA:26,1
DA:27,0
DA:28,0
DA:31,1
DA:32,0
DA:35,1
LF:17
LH:10
BRF:0
BRH:0
end_of_record
TN:
SF:/Users/user/Віка/Projects/socio-local-web/src/app/shared/components/channels-search/channels-search.component.ts
FN:8,(anonymous_2)
FN:3,ChannelsSearchComponent
FN:15,(anonymous_4)
FN:20,(anonymous_5)
FN:24,(anonymous_6)
FNF:5
FNH:1
FNDA:1,(anonymous_2)
FNDA:0,ChannelsSearchComponent
FNDA:0,(anonymous_4)
FNDA:0,(anonymous_5)
FNDA:0,(anonymous_6)
DA:1,1
DA:8,1
DA:9,1
DA:10,1
DA:12,0
DA:13,0
DA:15,1
DA:16,0
DA:17,0
DA:20,1
DA:21,0
DA:24,1
DA:25,0
DA:26,0
DA:27,0
DA:31,1
LF:16
LH:8
BRDA:28,0,0,0
BRDA:28,0,1,0
BRDA:27,1,0,0
BRDA:27,1,1,0
BRF:4
BRH:0
end_of_record
TN:
SF:/Users/user/Віка/Projects/socio-local-web/src/app/shared/components/date-slider/date-slider.component.ts
FN:9,(anonymous_2)
FN:38,DateSliderComponent
FN:23,(anonymous_4)
FN:32,(anonymous_5)
FN:40,(anonymous_6)
FN:45,(anonymous_7)
FN:51,(anonymous_8)
FN:60,(anonymous_9)
FN:69,(anonymous_10)
FN:73,(anonymous_11)
FN:77,(anonymous_12)
FN:83,(anonymous_13)
FNF:12
FNH:1
FNDA:1,(anonymous_2)
FNDA:0,DateSliderComponent
FNDA:0,(anonymous_4)
FNDA:0,(anonymous_5)
FNDA:0,(anonymous_6)
FNDA:0,(anonymous_7)
FNDA:0,(anonymous_8)
FNDA:0,(anonymous_9)
FNDA:0,(anonymous_10)
FNDA:0,(anonymous_11)
FNDA:0,(anonymous_12)
FNDA:0,(anonymous_13)
DA:1,1
DA:9,1
DA:12,1
DA:13,1
DA:14,1
DA:15,1
DA:16,1
DA:17,1
DA:18,1
DA:19,0
DA:24,0
DA:33,0
DA:40,1
DA:41,0
DA:42,0
DA:45,1
DA:46,0
DA:47,0
DA:51,1
DA:52,0
DA:53,0
DA:55,0
DA:56,0
DA:57,0
DA:60,1
DA:61,0
DA:62,0
DA:64,0
DA:65,0
DA:66,0
DA:69,1
DA:70,0
DA:73,1
DA:74,0
DA:77,1
DA:78,0
DA:79,0
DA:80,0
DA:83,1
DA:84,0
DA:85,0
DA:86,0
DA:89,1
LF:43
LH:18
BRDA:25,0,0,0
BRDA:25,0,1,0
BRDA:46,1,0,0
BRDA:46,1,1,0
BRDA:52,2,0,0
BRDA:52,2,1,0
BRDA:61,3,0,0
BRDA:61,3,1,0
BRDA:80,4,0,0
BRDA:80,4,1,0
BRDA:86,5,0,0
BRDA:86,5,1,0
BRF:12
BRH:0
end_of_record
TN:
SF:/Users/user/Віка/Projects/socio-local-web/src/app/shared/components/date-tabs/date-tabs.component.ts
FN:9,(anonymous_2)
FN:4,DateTabsComponent
FN:25,(anonymous_4)
FN:31,(anonymous_5)
FN:38,(anonymous_6)
FN:44,(anonymous_7)
FN:52,(anonymous_8)
FN:53,(anonymous_9)
FN:63,(anonymous_10)
FN:70,(anonymous_11)
FN:71,(anonymous_12)
FN:80,(anonymous_13)
FN:84,(anonymous_14)
FN:90,(anonymous_15)
FN:96,(anonymous_16)
FN:105,(anonymous_17)
FN:106,(anonymous_18)
FN:113,(anonymous_19)
FN:117,(anonymous_20)
FN:129,(anonymous_21)
FNF:20
FNH:1
FNDA:1,(anonymous_2)
FNDA:0,DateTabsComponent
FNDA:0,(anonymous_4)
FNDA:0,(anonymous_5)
FNDA:0,(anonymous_6)
FNDA:0,(anonymous_7)
FNDA:0,(anonymous_8)
FNDA:0,(anonymous_9)
FNDA:0,(anonymous_10)
FNDA:0,(anonymous_11)
FNDA:0,(anonymous_12)
FNDA:0,(anonymous_13)
FNDA:0,(anonymous_14)
FNDA:0,(anonymous_15)
FNDA:0,(anonymous_16)
FNDA:0,(anonymous_17)
FNDA:0,(anonymous_18)
FNDA:0,(anonymous_19)
FNDA:0,(anonymous_20)
FNDA:0,(anonymous_21)
DA:1,1
DA:2,1
DA:9,1
DA:10,1
DA:11,1
DA:12,1
DA:13,1
DA:14,1
DA:15,1
DA:18,0
DA:19,0
DA:20,0
DA:21,0
DA:26,0
DA:31,1
DA:32,0
DA:33,0
DA:34,0
DA:35,0
DA:38,1
DA:39,0
DA:40,0
DA:44,1
DA:45,0
DA:46,0
DA:48,0
DA:49,0
DA:50,0
DA:52,0
DA:53,0
DA:54,0
DA:55,0
DA:56,0
DA:59,0
DA:60,0
DA:63,1
DA:64,0
DA:65,0
DA:67,0
DA:68,0
DA:69,0
DA:70,0
DA:71,0
DA:72,0
DA:73,0
DA:74,0
DA:77,0
DA:80,1
DA:81,0
DA:84,1
DA:85,0
DA:86,0
DA:87,0
DA:90,1
DA:91,0
DA:92,0
DA:93,0
DA:96,1
DA:97,0
DA:98,0
DA:99,0
DA:100,0
DA:101,0
DA:105,1
DA:106,0
DA:107,0
DA:108,0
DA:113,1
DA:114,0
DA:117,1
DA:118,0
DA:119,0
DA:120,0
DA:121,0
DA:123,0
DA:124,0
DA:125,0
DA:127,0
DA:128,0
DA:129,0
DA:130,0
DA:131,0
DA:134,1
LF:83
LH:21
BRDA:39,0,0,0
BRDA:39,0,1,0
BRDA:45,1,0,0
BRDA:45,1,1,0
BRDA:54,2,0,0
BRDA:54,2,1,0
BRDA:64,3,0,0
BRDA:64,3,1,0
BRDA:72,4,0,0
BRDA:72,4,1,0
BRDA:87,5,0,0
BRDA:87,5,1,0
BRDA:93,6,0,0
BRDA:93,6,1,0
BRDA:99,7,0,0
BRDA:99,7,1,0
BRDA:107,8,0,0
BRDA:107,8,1,0
BRDA:118,9,0,0
BRDA:118,9,1,0
BRF:20
BRH:0
end_of_record
TN:
SF:/Users/user/Віка/Projects/socio-local-web/src/app/shared/components/loading/loading.component.ts
FN:8,(anonymous_2)
FN:10,LoadingComponent
FN:12,(anonymous_4)
FNF:3
FNH:1
FNDA:1,(anonymous_2)
FNDA:0,LoadingComponent
FNDA:0,(anonymous_4)
DA:1,1
DA:8,1
DA:12,1
DA:15,1
LF:4
LH:4
BRF:0
BRH:0
end_of_record
TN:
SF:/Users/user/Віка/Projects/socio-local-web/src/app/shared/components/media-viewer/media-viewer.component.ts
FN:35,(anonymous_3)
FN:41,MediaViewerComponent
FN:43,(anonymous_5)
FN:50,(anonymous_6)
FN:51,(anonymous_7)
FN:54,(anonymous_8)
FN:58,(anonymous_9)
FN:64,(anonymous_10)
FN:72,(anonymous_11)
FN:81,(anonymous_12)
FN:82,(anonymous_13)
FN:87,(anonymous_14)
FNF:12
FNH:1
FNDA:1,(anonymous_3)
FNDA:0,MediaViewerComponent
FNDA:0,(anonymous_5)
FNDA:0,(anonymous_6)
FNDA:0,(anonymous_7)
FNDA:0,(anonymous_8)
FNDA:0,(anonymous_9)
FNDA:0,(anonymous_10)
FNDA:0,(anonymous_11)
FNDA:0,(anonymous_12)
FNDA:0,(anonymous_13)
FNDA:0,(anonymous_14)
DA:1,1
DA:2,1
DA:35,1
DA:36,0
DA:37,0
DA:38,1
DA:39,0
DA:43,1
DA:44,0
DA:45,0
DA:46,0
DA:50,1
DA:51,0
DA:53,0
DA:54,0
DA:58,1
DA:59,0
DA:60,0
DA:61,0
DA:64,1
DA:65,0
DA:66,0
DA:67,0
DA:68,0
DA:69,0
DA:72,1
DA:73,0
DA:74,0
DA:75,0
DA:76,0
DA:77,0
DA:81,1
DA:82,0
DA:83,0
DA:87,1
DA:88,0
DA:93,1
LF:37
LH:12
BRDA:45,0,0,0
BRDA:45,0,1,0
BRDA:53,1,0,0
BRDA:53,1,1,0
BRDA:66,2,0,0
BRDA:66,2,1,0
BRDA:74,3,0,0
BRDA:74,3,1,0
BRDA:89,4,0,0
BRDA:89,4,1,0
BRF:10
BRH:0
end_of_record
TN:
SF:/Users/user/Віка/Projects/socio-local-web/src/app/shared/components/message/message.component.ts
FN:12,(anonymous_2)
FN:21,MessageComponent
FN:23,(anonymous_4)
FN:35,(anonymous_5)
FN:40,(anonymous_6)
FN:46,(anonymous_7)
FN:50,(anonymous_8)
FN:54,(anonymous_9)
FN:58,(anonymous_10)
FN:62,(anonymous_11)
FN:66,(anonymous_12)
FN:67,(anonymous_13)
FN:70,(anonymous_14)
FN:75,(anonymous_15)
FN:79,(anonymous_16)
FNF:15
FNH:1
FNDA:1,(anonymous_2)
FNDA:0,MessageComponent
FNDA:0,(anonymous_4)
FNDA:0,(anonymous_5)
FNDA:0,(anonymous_6)
FNDA:0,(anonymous_7)
FNDA:0,(anonymous_8)
FNDA:0,(anonymous_9)
FNDA:0,(anonymous_10)
FNDA:0,(anonymous_11)
FNDA:0,(anonymous_12)
FNDA:0,(anonymous_13)
FNDA:0,(anonymous_14)
FNDA:0,(anonymous_15)
FNDA:0,(anonymous_16)
DA:1,1
DA:2,1
DA:4,1
DA:5,1
DA:12,1
DA:14,1
DA:15,1
DA:16,1
DA:17,1
DA:18,1
DA:19,1
DA:21,0
DA:23,1
DA:24,0
DA:25,0
DA:26,0
DA:28,0
DA:29,0
DA:31,0
DA:35,1
DA:36,0
DA:37,0
DA:40,1
DA:41,0
DA:42,0
DA:43,0
DA:46,1
DA:47,0
DA:50,1
DA:51,0
DA:54,1
DA:55,0
DA:58,1
DA:59,0
DA:62,1
DA:63,0
DA:66,1
DA:67,0
DA:70,1
DA:71,0
DA:72,0
DA:75,1
DA:76,0
DA:79,1
DA:80,0
DA:83,1
LF:46
LH:24
BRDA:24,0,0,0
BRDA:24,0,1,0
BRDA:24,1,0,0
BRDA:24,1,1,0
BRDA:31,2,0,0
BRDA:31,2,1,0
BRDA:37,3,0,0
BRDA:37,3,1,0
BRDA:43,4,0,0
BRDA:43,4,1,0
BRDA:63,5,0,0
BRDA:63,5,1,0
BRDA:63,5,2,0
BRDA:76,6,0,0
BRDA:76,6,1,0
BRF:15
BRH:0
end_of_record
TN:
SF:/Users/user/Віка/Projects/socio-local-web/src/app/shared/components/message/attachment/attachment.component.ts
FN:9,(anonymous_2)
FN:17,AttachmentComponent
FN:19,(anonymous_4)
FN:22,(anonymous_5)
FN:27,(anonymous_6)
FN:31,(anonymous_7)
FN:36,(anonymous_8)
FN:40,(anonymous_9)
FN:44,(anonymous_10)
FN:48,(anonymous_11)
FN:54,(anonymous_12)
FN:58,(anonymous_13)
FNF:12
FNH:1
FNDA:1,(anonymous_2)
FNDA:0,AttachmentComponent
FNDA:0,(anonymous_4)
FNDA:0,(anonymous_5)
FNDA:0,(anonymous_6)
FNDA:0,(anonymous_7)
FNDA:0,(anonymous_8)
FNDA:0,(anonymous_9)
FNDA:0,(anonymous_10)
FNDA:0,(anonymous_11)
FNDA:0,(anonymous_12)
FNDA:0,(anonymous_13)
DA:1,1
DA:2,1
DA:9,1
DA:10,1
DA:11,1
DA:12,1
DA:13,1
DA:14,1
DA:15,1
DA:19,1
DA:22,1
DA:27,1
DA:28,0
DA:31,1
DA:32,0
DA:36,1
DA:37,0
DA:40,1
DA:41,0
DA:44,1
DA:45,0
DA:48,1
DA:49,0
DA:50,0
DA:54,1
DA:55,0
DA:58,1
DA:59,0
DA:60,0
DA:61,0
DA:62,0
DA:66,1
LF:32
LH:20
BRDA:33,0,0,0
BRDA:33,0,1,0
BRDA:41,1,0,0
BRDA:41,1,1,0
BRDA:49,2,0,0
BRDA:49,2,1,0
BRDA:55,3,0,0
BRDA:55,3,1,0
BRDA:60,4,0,0
BRDA:60,4,1,0
BRDA:60,4,2,0
BRF:11
BRH:0
end_of_record
TN:
SF:/Users/user/Віка/Projects/socio-local-web/src/app/shared/components/modal/modal.component.ts
FN:8,(anonymous_2)
FN:11,ModalComponent
FN:13,(anonymous_4)
FN:16,(anonymous_5)
FNF:4
FNH:1
FNDA:1,(anonymous_2)
FNDA:0,ModalComponent
FNDA:0,(anonymous_4)
FNDA:0,(anonymous_5)
DA:1,1
DA:8,1
DA:9,1
DA:13,1
DA:16,1
DA:17,0
DA:20,1
LF:7
LH:6
BRF:0
BRH:0
end_of_record
TN:
SF:/Users/user/Віка/Projects/socio-local-web/src/app/shared/components/new-tab-wrapper/new-tab-wrapper.component.ts
FN:8,(anonymous_2)
FN:10,NewTabWrapperComponent
FN:12,(anonymous_4)
FNF:3
FNH:1
FNDA:1,(anonymous_2)
FNDA:0,NewTabWrapperComponent
FNDA:0,(anonymous_4)
DA:1,1
DA:8,1
DA:9,1
DA:12,1
DA:15,1
LF:5
LH:5
BRF:0
BRH:0
end_of_record
TN:
SF:/Users/user/Віка/Projects/socio-local-web/src/app/shared/components/performance-modal/performance-modal.component.ts
FN:8,(anonymous_2)
FN:3,PerformanceModalComponent
FN:11,(anonymous_4)
FNF:3
FNH:1
FNDA:1,(anonymous_2)
FNDA:0,PerformanceModalComponent
FNDA:0,(anonymous_4)
DA:1,1
DA:8,1
DA:9,1
DA:11,1
DA:12,0
DA:15,1
LF:6
LH:5
BRF:0
BRH:0
end_of_record
TN:
SF:/Users/user/Віка/Projects/socio-local-web/src/app/shared/components/post/post.component.ts
FN:13,(anonymous_2)
FN:19,PostComponent
FN:25,(anonymous_4)
FN:29,(anonymous_5)
FN:38,(anonymous_6)
FN:45,(anonymous_7)
FN:46,(anonymous_8)
FN:49,(anonymous_9)
FN:51,(anonymous_10)
FN:55,(anonymous_11)
FN:59,(anonymous_12)
FN:63,(anonymous_13)
FNF:12
FNH:1
FNDA:1,(anonymous_2)
FNDA:0,PostComponent
FNDA:0,(anonymous_4)
FNDA:0,(anonymous_5)
FNDA:0,(anonymous_6)
FNDA:0,(anonymous_7)
FNDA:0,(anonymous_8)
FNDA:0,(anonymous_9)
FNDA:0,(anonymous_10)
FNDA:0,(anonymous_11)
FNDA:0,(anonymous_12)
FNDA:0,(anonymous_13)
DA:1,1
DA:2,1
DA:4,1
DA:5,1
DA:13,1
DA:15,1
DA:20,0
DA:21,0
DA:22,0
DA:25,1
DA:26,0
DA:29,1
DA:30,0
DA:31,0
DA:32,0
DA:33,0
DA:34,0
DA:35,0
DA:38,1
DA:39,0
DA:40,0
DA:42,0
DA:45,1
DA:46,0
DA:49,1
DA:50,0
DA:51,0
DA:55,1
DA:56,0
DA:59,1
DA:60,0
DA:63,1
DA:64,0
DA:66,1
LF:34
LH:15
BRDA:39,0,0,0
BRDA:39,0,1,0
BRDA:46,1,0,0
BRDA:46,1,1,0
BRDA:46,2,0,0
BRDA:46,2,1,0
BRDA:51,3,0,0
BRDA:51,3,1,0
BRDA:50,4,0,0
BRDA:50,4,1,0
BRDA:50,4,2,0
BRDA:50,4,3,0
BRDA:56,5,0,0
BRDA:56,5,1,0
BRDA:56,6,0,0
BRDA:56,6,1,0
BRF:16
BRH:0
end_of_record
TN:
SF:/Users/user/Віка/Projects/socio-local-web/src/app/shared/components/show-hide-password/show-hide-password.component.ts
FN:8,(anonymous_2)
FN:13,ShowHidePasswordComponent
FN:16,(anonymous_4)
FN:23,(anonymous_5)
FNF:4
FNH:1
FNDA:1,(anonymous_2)
FNDA:0,ShowHidePasswordComponent
FNDA:0,(anonymous_4)
FNDA:0,(anonymous_5)
DA:1,1
DA:8,1
DA:11,0
DA:13,0
DA:14,0
DA:16,1
DA:17,0
DA:18,0
DA:19,0
DA:23,1
DA:24,0
DA:25,0
DA:31,1
LF:13
LH:5
BRDA:18,0,0,0
BRDA:18,0,1,0
BRDA:28,1,0,0
BRDA:28,1,1,0
BRF:4
BRH:0
end_of_record
TN:
SF:/Users/user/Віка/Projects/socio-local-web/src/app/shared/components/status-filter/status-filter.component.ts
FN:9,(anonymous_2)
FN:4,StatusFilterComponent
FN:15,(anonymous_4)
FN:16,(anonymous_5)
FN:19,(anonymous_6)
FN:20,(anonymous_7)
FN:24,(anonymous_8)
FN:25,(anonymous_9)
FN:28,(anonymous_10)
FN:33,(anonymous_11)
FNF:10
FNH:1
FNDA:1,(anonymous_2)
FNDA:0,StatusFilterComponent
FNDA:0,(anonymous_4)
FNDA:0,(anonymous_5)
FNDA:0,(anonymous_6)
FNDA:0,(anonymous_7)
FNDA:0,(anonymous_8)
FNDA:0,(anonymous_9)
FNDA:0,(anonymous_10)
FNDA:0,(anonymous_11)
DA:1,1
DA:2,1
DA:9,1
DA:10,1
DA:11,1
DA:13,0
DA:15,1
DA:16,0
DA:20,0
DA:21,0
DA:24,1
DA:25,0
DA:28,1
DA:29,0
DA:30,0
DA:33,1
DA:34,0
DA:37,1
LF:18
LH:10
BRF:0
BRH:0
end_of_record
TN:
SF:/Users/user/Віка/Projects/socio-local-web/src/app/shared/components/status-filter/status-filter.constants.ts
FNF:0
FNH:0
DA:1,1
LF:1
LH:1
BRF:0
BRH:0
end_of_record
TN:
SF:/Users/user/Віка/Projects/socio-local-web/src/app/shared/components/status-search/status-search.component.ts
FN:9,(anonymous_2)
FN:4,StatusSearchComponent
FN:16,(anonymous_4)
FN:21,(anonymous_5)
FN:25,(anonymous_6)
FNF:5
FNH:1
FNDA:1,(anonymous_2)
FNDA:0,StatusSearchComponent
FNDA:0,(anonymous_4)
FNDA:0,(anonymous_5)
FNDA:0,(anonymous_6)
DA:1,1
DA:2,1
DA:9,1
DA:10,1
DA:12,0
DA:13,0
DA:14,0
DA:16,1
DA:17,0
DA:18,0
DA:21,1
DA:22,0
DA:25,1
DA:26,0
DA:27,0
DA:28,0
DA:32,1
LF:17
LH:8
BRDA:29,0,0,0
BRDA:29,0,1,0
BRDA:28,1,0,0
BRDA:28,1,1,0
BRF:4
BRH:0
end_of_record
TN:
SF:/Users/user/Віка/Projects/socio-local-web/src/app/shared/components/tooltip/tooltip.component.ts
FN:12,(anonymous_2)
FN:16,TooltipComponent
FN:18,(anonymous_4)
FNF:3
FNH:1
FNDA:1,(anonymous_2)
FNDA:0,TooltipComponent
FNDA:0,(anonymous_4)
DA:1,1
DA:12,1
DA:14,1
DA:18,1
DA:20,1
LF:5
LH:5
BRF:0
BRH:0
end_of_record
TN:
SF:/Users/user/Віка/Projects/socio-local-web/src/app/shared/pipes/pretty-number.pipe.ts
FN:4,(anonymous_1)
FN:3,PrettyNumberPipe
FN:16,(anonymous_3)
FN:24,(anonymous_4)
FN:32,(anonymous_5)
FN:37,(anonymous_6)
FN:41,(anonymous_7)
FN:46,(anonymous_8)
FN:52,(anonymous_9)
FN:57,(anonymous_10)
FNF:10
FNH:1
FNDA:1,(anonymous_1)
FNDA:0,PrettyNumberPipe
FNDA:0,(anonymous_3)
FNDA:0,(anonymous_4)
FNDA:0,(anonymous_5)
FNDA:0,(anonymous_6)
FNDA:0,(anonymous_7)
FNDA:0,(anonymous_8)
FNDA:0,(anonymous_9)
FNDA:0,(anonymous_10)
DA:1,1
DA:4,1
DA:5,0
DA:16,1
DA:17,0
DA:18,0
DA:19,0
DA:24,1
DA:25,0
DA:26,0
DA:27,0
DA:29,0
DA:32,1
DA:33,0
DA:34,0
DA:37,1
DA:38,0
DA:41,1
DA:42,0
DA:43,0
DA:46,1
DA:47,0
DA:48,0
DA:49,0
DA:52,1
DA:53,0
DA:54,0
DA:57,1
DA:58,0
DA:61,1
LF:30
LH:11
BRDA:16,0,0,0
BRDA:16,0,1,0
BRDA:20,1,0,0
BRDA:20,1,1,0
BRDA:26,2,0,0
BRDA:26,2,1,0
BRF:6
BRH:0
end_of_record
TN:
SF:/Users/user/Віка/Projects/socio-local-web/src/app/shared/pipes/sort.pipe.ts
FN:6,(anonymous_1)
FN:8,(anonymous_3)
FN:9,(anonymous_4)
FNF:3
FNH:1
FNDA:1,(anonymous_1)
FNDA:0,(anonymous_3)
FNDA:0,(anonymous_4)
DA:1,1
DA:6,1
DA:8,1
DA:9,0
DA:10,0
DA:11,0
DA:12,0
DA:13,0
DA:15,0
DA:18,0
DA:21,1
LF:11
LH:4
BRDA:10,0,0,0
BRDA:10,0,1,0
BRDA:12,1,0,0
BRDA:12,1,1,0
BRF:4
BRH:0
end_of_record
TN:
SF:/Users/user/Віка/Projects/socio-local-web/src/app/shared/pipes/trim.pipe.ts
FN:4,(anonymous_1)
FN:5,(anonymous_3)
FNF:2
FNH:1
FNDA:1,(anonymous_1)
FNDA:0,(anonymous_3)
DA:1,1
DA:4,1
DA:5,1
DA:6,0
DA:7,0
DA:9,0
DA:10,0
DA:12,0
DA:13,0
DA:15,0
DA:18,1
LF:11
LH:4
BRDA:5,0,0,0
BRDA:5,0,1,0
BRDA:9,1,0,0
BRDA:9,1,1,0
BRF:4
BRH:0
end_of_record
TN:
SF:/Users/user/Віка/Projects/socio-local-web/src/environments/environment.ts
FNF:0
FNH:0
DA:6,1
LF:1
LH:1
BRF:0
BRH:0
end_of_record
